\BOOKMARK [0][-]{chapter.1}{\376\377\000R\000e\000c\000e\000n\000t\000\040\000p\000u\000b\000l\000i\000c\000a\000t\000i\000o\000n\000s}{}% 1
\BOOKMARK [0][-]{chapter.2}{\376\377\000I\000n\000t\000r\000o\000d\000u\000c\000t\000i\000o\000n}{}% 2
\BOOKMARK [0][-]{chapter.3}{\376\377\000S\000U\000E\000W\000S\000\040\000a\000n\000d\000\040\000U\000M\000E\000P}{}% 3
\BOOKMARK [0][-]{chapter.4}{\376\377\000P\000a\000r\000a\000m\000e\000t\000e\000r\000i\000s\000a\000t\000i\000o\000n\000s\000\040\000a\000n\000d\000\040\000s\000u\000b\000-\000m\000o\000d\000e\000l\000s\000\040\000w\000i\000t\000h\000i\000n\000\040\000S\000U\000E\000W\000S}{}% 4
\BOOKMARK [1][-]{section.4.1}{\376\377\000N\000e\000t\000\040\000a\000l\000l\000-\000w\000a\000v\000e\000\040\000r\000a\000d\000i\000a\000t\000i\000o\000n\000,\000\040\000Q\000*}{chapter.4}% 5
\BOOKMARK [1][-]{section.4.2}{\376\377\000A\000n\000t\000h\000r\000o\000p\000o\000g\000e\000n\000i\000c\000\040\000h\000e\000a\000t\000\040\000f\000l\000u\000x\000,\000\040\000Q\000F}{chapter.4}% 6
\BOOKMARK [1][-]{section.4.3}{\376\377\000S\000t\000o\000r\000a\000g\000e\000\040\000h\000e\000a\000t\000\040\000f\000l\000u\000x\000,\000\040\000Q\000S}{chapter.4}% 7
\BOOKMARK [1][-]{section.4.4}{\376\377\000T\000u\000r\000b\000u\000l\000e\000n\000t\000\040\000h\000e\000a\000t\000\040\000f\000l\000u\000x\000e\000s\000,\000\040\000Q\000H\000\040\000a\000n\000d\000\040\000Q\000E}{chapter.4}% 8
\BOOKMARK [1][-]{section.4.5}{\376\377\000W\000a\000t\000e\000r\000\040\000b\000a\000l\000a\000n\000c\000e}{chapter.4}% 9
\BOOKMARK [1][-]{section.4.6}{\376\377\000S\000n\000o\000w\000m\000e\000l\000t}{chapter.4}% 10
\BOOKMARK [1][-]{section.4.7}{\376\377\000C\000o\000n\000v\000e\000c\000t\000i\000v\000e\000\040\000b\000o\000u\000n\000d\000a\000r\000y\000\040\000l\000a\000y\000e\000r}{chapter.4}% 11
\BOOKMARK [1][-]{section.4.8}{\376\377\000T\000h\000e\000r\000m\000a\000l\000\040\000c\000o\000m\000f\000o\000r\000t}{chapter.4}% 12
\BOOKMARK [0][-]{chapter.5}{\376\377\000P\000r\000e\000p\000a\000r\000i\000n\000g\000\040\000t\000o\000\040\000r\000u\000n\000\040\000t\000h\000e\000\040\000m\000o\000d\000e\000l}{}% 13
\BOOKMARK [1][-]{section.5.1}{\376\377\000P\000r\000e\000p\000a\000r\000a\000t\000o\000r\000y\000\040\000r\000e\000a\000d\000i\000n\000g}{chapter.5}% 14
\BOOKMARK [1][-]{section.5.2}{\376\377\000D\000e\000c\000i\000d\000e\000\040\000w\000h\000a\000t\000\040\000t\000y\000p\000e\000\040\000o\000f\000\040\000m\000o\000d\000e\000l\000\040\000r\000u\000n\000\040\000y\000o\000u\000\040\000a\000r\000e\000\040\000i\000n\000t\000e\000r\000e\000s\000t\000e\000d\000\040\000i\000n}{chapter.5}% 15
\BOOKMARK [1][-]{section.5.3}{\376\377\000D\000o\000w\000n\000l\000o\000a\000d\000\040\000t\000h\000e\000\040\000p\000r\000o\000g\000r\000a\000m\000\040\000a\000n\000d\000\040\000e\000x\000a\000m\000p\000l\000e\000\040\000d\000a\000t\000a\000\040\000f\000i\000l\000e\000s}{chapter.5}% 16
\BOOKMARK [1][-]{section.5.4}{\376\377\000R\000u\000n\000\040\000t\000h\000e\000\040\000m\000o\000d\000e\000l\000\040\000f\000o\000r\000\040\000e\000x\000a\000m\000p\000l\000e\000\040\000d\000a\000t\000a}{chapter.5}% 17
\BOOKMARK [1][-]{section.5.5}{\376\377\000P\000r\000e\000p\000a\000r\000a\000t\000i\000o\000n\000\040\000o\000f\000\040\000d\000a\000t\000a}{chapter.5}% 18
\BOOKMARK [1][-]{section.5.6}{\376\377\000R\000u\000n\000\040\000t\000h\000e\000\040\000m\000o\000d\000e\000l\000\040\000f\000o\000r\000\040\000y\000o\000u\000r\000\040\000s\000i\000t\000e}{chapter.5}% 19
\BOOKMARK [1][-]{section.5.7}{\376\377\000A\000n\000a\000l\000y\000s\000e\000\040\000t\000h\000e\000\040\000o\000u\000t\000p\000u\000t}{chapter.5}% 20
\BOOKMARK [1][-]{section.5.8}{\376\377\000S\000u\000m\000m\000a\000r\000y\000\040\000o\000f\000\040\000f\000i\000l\000e\000s}{chapter.5}% 21
\BOOKMARK [0][-]{chapter.6}{\376\377\000I\000n\000p\000u\000t\000\040\000f\000i\000l\000e\000s}{}% 22
\BOOKMARK [1][-]{section.6.1}{\376\377\000R\000u\000n\000C\000o\000n\000t\000r\000o\000l\000.\000n\000m\000l}{chapter.6}% 23
\BOOKMARK [1][-]{section.6.2}{\376\377\000S\000U\000E\000W\000S\000\137\000S\000i\000t\000e\000I\000n\000f\000o\000.\000x\000l\000s\000m}{chapter.6}% 24
\BOOKMARK [1][-]{section.6.3}{\376\377\000I\000n\000i\000t\000i\000a\000l\000\040\000C\000o\000n\000d\000i\000t\000i\000o\000n\000s\000\040\000f\000i\000l\000e}{chapter.6}% 25
\BOOKMARK [1][-]{section.6.4}{\376\377\000M\000e\000t\000e\000o\000r\000o\000l\000o\000g\000i\000c\000a\000l\000\040\000I\000n\000p\000u\000t\000\040\000F\000i\000l\000e}{chapter.6}% 26
\BOOKMARK [1][-]{section.6.5}{\376\377\000C\000B\000L\000\040\000i\000n\000p\000u\000t\000\040\000f\000i\000l\000e\000s}{chapter.6}% 27
\BOOKMARK [1][-]{section.6.6}{\376\377\000E\000S\000T\000M\000-\000r\000e\000l\000a\000t\000e\000d\000\040\000f\000i\000l\000e\000s}{chapter.6}% 28
\BOOKMARK [1][-]{section.6.7}{\376\377\000S\000O\000L\000W\000E\000I\000G\000\040\000i\000n\000p\000u\000t\000\040\000f\000i\000l\000e\000s}{chapter.6}% 29
\BOOKMARK [0][-]{chapter.7}{\376\377\000O\000u\000t\000p\000u\000t\000\040\000f\000i\000l\000e\000s}{}% 30
\BOOKMARK [1][-]{section.7.1}{\376\377\000R\000u\000n\000t\000i\000m\000e\000\040\000d\000i\000a\000g\000n\000o\000s\000t\000i\000c\000\040\000i\000n\000f\000o\000r\000m\000a\000t\000i\000o\000n}{chapter.7}% 31
\BOOKMARK [1][-]{section.7.2}{\376\377\000M\000o\000d\000e\000l\000\040\000o\000u\000t\000p\000u\000t\000\040\000f\000i\000l\000e\000s}{chapter.7}% 32
\BOOKMARK [0][-]{chapter.8}{\376\377\000T\000r\000o\000u\000b\000l\000e\000s\000h\000o\000o\000t\000i\000n\000g}{}% 33
\BOOKMARK [1][-]{section.8.1}{\376\377\000H\000o\000w\000\040\000t\000o\000\040\000c\000r\000e\000a\000t\000e\000\040\000a\000\040\000d\000i\000r\000e\000c\000t\000o\000r\000y\000?}{chapter.8}% 34
\BOOKMARK [1][-]{section.8.2}{\376\377\000H\000o\000w\000\040\000t\000o\000\040\000u\000n\000z\000i\000p\000\040\000a\000\040\000f\000i\000l\000e}{chapter.8}% 35
\BOOKMARK [1][-]{section.8.3}{\376\377\000A\000\040\000t\000e\000x\000t\000\040\000e\000d\000i\000t\000o\000r}{chapter.8}% 36
\BOOKMARK [1][-]{section.8.4}{\376\377\000C\000o\000m\000m\000a\000n\000d\000\040\000p\000r\000o\000m\000p\000t}{chapter.8}% 37
\BOOKMARK [1][-]{section.8.5}{\376\377\000D\000a\000y\000\040\000o\000f\000\040\000y\000e\000a\000r\000\040\000[\000D\000O\000Y\000]}{chapter.8}% 38
\BOOKMARK [1][-]{section.8.6}{\376\377\000E\000S\000T\000M\000\040\000o\000u\000t\000p\000u\000t}{chapter.8}% 39
\BOOKMARK [1][-]{section.8.7}{\376\377\000F\000i\000r\000s\000t\000\040\000t\000h\000i\000n\000g\000s\000\040\000t\000o\000\040\000C\000h\000e\000c\000k\000\040\000i\000f\000\040\000t\000h\000e\000\040\000p\000r\000o\000g\000r\000a\000m\000\040\000s\000e\000e\000m\000s\000\040\000t\000o\000\040\000h\000a\000v\000e\000\040\000p\000r\000o\000b\000l\000e\000m\000s}{chapter.8}% 40
\BOOKMARK [0][-]{chapter.9}{\376\377\000A\000c\000k\000n\000o\000w\000l\000e\000d\000g\000e\000m\000e\000n\000t\000s}{}% 41
\BOOKMARK [0][-]{chapter.10}{\376\377\000N\000o\000t\000a\000t\000i\000o\000n}{}% 42
\BOOKMARK [0][-]{chapter.11}{\376\377\000D\000e\000v\000e\000l\000o\000p\000m\000e\000n\000t\000,\000\040\000S\000u\000g\000g\000e\000s\000t\000i\000o\000n\000s\000\040\000a\000n\000d\000\040\000S\000u\000p\000p\000o\000r\000t}{}% 43
\BOOKMARK [0][-]{chapter.12}{\376\377\000V\000e\000r\000s\000i\000o\000n\000\040\000H\000i\000s\000t\000o\000r\000y}{}% 44
\BOOKMARK [1][-]{section.12.1}{\376\377\000N\000e\000w\000\040\000i\000n\000\040\000S\000U\000E\000W\000S\000\040\000V\000e\000r\000s\000i\000o\000n\000\040\0002\0000\0001\0008\000a}{chapter.12}% 45
\BOOKMARK [1][-]{section.12.2}{\376\377\000N\000e\000w\000\040\000i\000n\000\040\000S\000U\000E\000W\000S\000\040\000V\000e\000r\000s\000i\000o\000n\000\040\0002\0000\0001\0007\000b\000\040\000\050\000r\000e\000l\000e\000a\000s\000e\000d\000\040\0002\000\040\000A\000u\000g\000u\000s\000t\000\040\0002\0000\0001\0007\000\051}{chapter.12}% 46
\BOOKMARK [1][-]{section.12.3}{\376\377\000N\000e\000w\000\040\000i\000n\000\040\000S\000U\000E\000W\000S\000\040\000V\000e\000r\000s\000i\000o\000n\000\040\0002\0000\0001\0007\000a\000\040\000\050\000F\000e\000b\000\040\0002\0000\0001\0007\000\051}{chapter.12}% 47
\BOOKMARK [1][-]{section.12.4}{\376\377\000N\000e\000w\000\040\000i\000n\000\040\000S\000U\000E\000W\000S\000\040\000V\000e\000r\000s\000i\000o\000n\000\040\0002\0000\0001\0006\000a\000\040\000\050\000r\000e\000l\000e\000a\000s\000e\000d\000\040\0002\0001\000\040\000J\000u\000n\000e\000\040\0002\0000\0001\0006\000\051}{chapter.12}% 48
\BOOKMARK [1][-]{section.12.5}{\376\377\000N\000e\000w\000\040\000i\000n\000\040\000S\000U\000E\000W\000S\000\040\000V\000e\000r\000s\000i\000o\000n\000\040\0002\0000\0001\0004\000b\000\040\000\050\000r\000e\000l\000e\000a\000s\000e\000d\000\040\0008\000\040\000O\000c\000t\000o\000b\000e\000r\000\040\0002\0000\0001\0004\000\051}{chapter.12}% 49
\BOOKMARK [1][-]{section.12.6}{\376\377\000N\000e\000w\000\040\000i\000n\000\040\000S\000U\000E\000W\000S\000\040\000V\000e\000r\000s\000i\000o\000n\000\040\0002\0000\0001\0004\000a\000.\0001\000\040\000\050\000r\000e\000l\000e\000a\000s\000e\000d\000\040\0002\0006\000\040\000F\000e\000b\000r\000u\000a\000r\000y\000\040\0002\0000\0001\0004\000\051}{chapter.12}% 50
\BOOKMARK [1][-]{section.12.7}{\376\377\000N\000e\000w\000\040\000i\000n\000\040\000S\000U\000E\000W\000S\000\040\000V\000e\000r\000s\000i\000o\000n\000\040\0002\0000\0001\0004\000a\000\040\000\050\000r\000e\000l\000e\000a\000s\000e\000d\000\040\0002\0001\000\040\000F\000e\000b\000r\000u\000a\000r\000y\000\040\0002\0000\0001\0004\000\051}{chapter.12}% 51
\BOOKMARK [1][-]{section.12.8}{\376\377\000N\000e\000w\000\040\000i\000n\000\040\000S\000U\000E\000W\000S\000\040\000V\000e\000r\000s\000i\000o\000n\000\040\0002\0000\0001\0003\000a}{chapter.12}% 52
\BOOKMARK [1][-]{section.12.9}{\376\377\000N\000e\000w\000\040\000i\000n\000\040\000S\000U\000E\000W\000S\000\040\000V\000e\000r\000s\000i\000o\000n\000\040\0002\0000\0001\0002\000b}{chapter.12}% 53
\BOOKMARK [1][-]{section.12.10}{\376\377\000N\000e\000w\000\040\000i\000n\000\040\000S\000U\000E\000W\000S\000\040\000V\000e\000r\000s\000i\000o\000n\000\040\0002\0000\0001\0002\000a}{chapter.12}% 54
\BOOKMARK [1][-]{section.12.11}{\376\377\000N\000e\000w\000\040\000i\000n\000\040\000S\000U\000E\000W\000S\000\040\000V\000e\000r\000s\000i\000o\000n\0002\0000\0001\0001\000b}{chapter.12}% 55
\BOOKMARK [0][-]{chapter.13}{\376\377\000D\000i\000f\000f\000e\000r\000e\000n\000c\000e\000s\000\040\000b\000e\000t\000w\000e\000e\000n\000\040\000S\000U\000E\000W\000S\000,\000\040\000L\000U\000M\000P\000S\000\040\000a\000n\000d\000\040\000F\000R\000A\000I\000S\000E}{}% 56
\BOOKMARK [1][-]{section.13.1}{\376\377\000F\000R\000A\000I\000S\000E\000\040\000F\000l\000u\000x\000\040\000R\000a\000t\000i\000o\000\040\040\023\000\040\000A\000c\000t\000i\000v\000e\000\040\000I\000n\000d\000e\000x\000\040\000S\000u\000r\000f\000a\000c\000e\000\040\000E\000x\000c\000h\000a\000n\000g\000e}{chapter.13}% 57
\BOOKMARK [0][-]{chapter*.210}{\376\377\000R\000e\000f\000e\000r\000e\000n\000c\000e\000s}{}% 58
\BOOKMARK [0][-]{section*.253}{\376\377\000I\000n\000d\000e\000x}{}% 59
