This is XeTeX, Version 3.14159265-2.6-0.99998 (TeX Live 2017) (preloaded format=xelatex 2018.3.23)  29 MAR 2018 23:34
entering extended mode
 restricted \write18 enabled.
 %&-line parsing enabled.
**SUEWS.tex
(./SUEWS.tex
LaTeX2e <2017-04-15>
Babel <3.10> and hyphenation patterns for 84 language(s) loaded.
(./sphinxmanual.cls
Document Class: sphinxmanual 2017/03/26 v1.6 Document class (Sphinx manual)
(/usr/local/texlive/2017/texmf-dist/tex/latex/base/report.cls
Document Class: report 2014/09/29 v1.4h Standard LaTeX document class
(/usr/local/texlive/2017/texmf-dist/tex/latex/base/size10.clo
File: size10.clo 2014/09/29 v1.4h Standard LaTeX file (size option)
)
\c@part=\count79
\c@chapter=\count80
\c@section=\count81
\c@subsection=\count82
\c@subsubsection=\count83
\c@paragraph=\count84
\c@subparagraph=\count85
\c@figure=\count86
\c@table=\count87
\abovecaptionskip=\skip41
\belowcaptionskip=\skip42
\bibindent=\dimen102
))
\sphinxpxdimen=\dimen103

(/usr/local/texlive/2017/texmf-dist/tex/latex/cmap/cmap.sty
Package: cmap 2008/03/06 v1.0h CMap support: searchable PDF


Package cmap Warning: pdftex not detected - exiting.

) (/usr/local/texlive/2017/texmf-dist/tex/latex/fontspec/fontspec.sty
(/usr/local/texlive/2017/texmf-dist/tex/latex/l3kernel/expl3.sty
Package: expl3 2017/05/13 L3 programming layer (loader) 

(/usr/local/texlive/2017/texmf-dist/tex/latex/l3kernel/expl3-code.tex
Package: expl3 2017/05/13 L3 programming layer (code)
\c_max_int=\count88
\l_tmpa_int=\count89
\l_tmpb_int=\count90
\g_tmpa_int=\count91
\g_tmpb_int=\count92
\g__prg_map_int=\count93
\c_log_iow=\count94
\l_iow_line_count_int=\count95
\l__iow_line_target_int=\count96
\l__iow_one_indent_int=\count97
\l__iow_indent_int=\count98
\c_zero_dim=\dimen104
\c_max_dim=\dimen105
\l_tmpa_dim=\dimen106
\l_tmpb_dim=\dimen107
\g_tmpa_dim=\dimen108
\g_tmpb_dim=\dimen109
\c_zero_skip=\skip43
\c_max_skip=\skip44
\l_tmpa_skip=\skip45
\l_tmpb_skip=\skip46
\g_tmpa_skip=\skip47
\g_tmpb_skip=\skip48
\c_zero_muskip=\muskip10
\c_max_muskip=\muskip11
\l_tmpa_muskip=\muskip12
\l_tmpb_muskip=\muskip13
\g_tmpa_muskip=\muskip14
\g_tmpb_muskip=\muskip15
\l_keys_choice_int=\count99
\c__fp_leading_shift_int=\count100
\c__fp_middle_shift_int=\count101
\c__fp_trailing_shift_int=\count102
\c__fp_big_leading_shift_int=\count103
\c__fp_big_middle_shift_int=\count104
\c__fp_big_trailing_shift_int=\count105
\c__fp_Bigg_leading_shift_int=\count106
\c__fp_Bigg_middle_shift_int=\count107
\c__fp_Bigg_trailing_shift_int=\count108
\l__sort_length_int=\count109
\l__sort_min_int=\count110
\l__sort_top_int=\count111
\l__sort_max_int=\count112
\l__sort_true_max_int=\count113
\l__sort_block_int=\count114
\l__sort_begin_int=\count115
\l__sort_end_int=\count116
\l__sort_A_int=\count117
\l__sort_B_int=\count118
\l__sort_C_int=\count119
\c_empty_box=\box26
\l_tmpa_box=\box27
\l_tmpb_box=\box28
\g_tmpa_box=\box29
\g_tmpb_box=\box30
\l__box_top_dim=\dimen110
\l__box_bottom_dim=\dimen111
\l__box_left_dim=\dimen112
\l__box_right_dim=\dimen113
\l__box_top_new_dim=\dimen114
\l__box_bottom_new_dim=\dimen115
\l__box_left_new_dim=\dimen116
\l__box_right_new_dim=\dimen117
\l__box_internal_box=\box31
\l__coffin_internal_box=\box32
\l__coffin_internal_dim=\dimen118
\l__coffin_offset_x_dim=\dimen119
\l__coffin_offset_y_dim=\dimen120
\l__coffin_x_dim=\dimen121
\l__coffin_y_dim=\dimen122
\l__coffin_x_prime_dim=\dimen123
\l__coffin_y_prime_dim=\dimen124
\c_empty_coffin=\box33
\l__coffin_aligned_coffin=\box34
\l__coffin_aligned_internal_coffin=\box35
\l_tmpa_coffin=\box36
\l_tmpb_coffin=\box37
\l__coffin_display_coffin=\box38
\l__coffin_display_coord_coffin=\box39
\l__coffin_display_pole_coffin=\box40
\l__coffin_display_offset_dim=\dimen125
\l__coffin_display_x_dim=\dimen126
\l__coffin_display_y_dim=\dimen127
\l__coffin_bounding_shift_dim=\dimen128
\l__coffin_left_corner_dim=\dimen129
\l__coffin_right_corner_dim=\dimen130
\l__coffin_bottom_corner_dim=\dimen131
\l__coffin_top_corner_dim=\dimen132
\l__coffin_scaled_total_height_dim=\dimen133
\l__coffin_scaled_width_dim=\dimen134
)
(/usr/local/texlive/2017/texmf-dist/tex/latex/l3kernel/l3xdvipdfmx.def
File: l3xdvidpfmx.def 2017/03/18 v L3 Experimental driver: xdvipdfmx
\l__driver_tmp_box=\box41
))
(/usr/local/texlive/2017/texmf-dist/tex/latex/l3packages/xparse/xparse.sty
Package: xparse 2017/05/13 L3 Experimental document command parser
\l__xparse_current_arg_int=\count120
\g__xparse_grabber_int=\count121
\l__xparse_m_args_int=\count122
\l__xparse_mandatory_args_int=\count123
\l__xparse_v_nesting_int=\count124
)
Package: fontspec 2017/03/31 v2.6a Font selection for XeLaTeX and LuaLaTeX

(/usr/local/texlive/2017/texmf-dist/tex/latex/fontspec/fontspec-xetex.sty
Package: fontspec-xetex 2017/03/31 v2.6a Font selection for XeLaTeX and LuaLaTe
X
\l__fontspec_script_int=\count125
\l__fontspec_language_int=\count126
\l__fontspec_strnum_int=\count127
\l__fontspec_tmp_int=\count128
\l__fontspec_em_int=\count129
\l__fontspec_emdef_int=\count130
\l__fontspec_strong_int=\count131
\l__fontspec_strongdef_int=\count132
\l__fontspec_tmpa_dim=\dimen135
\l__fontspec_tmpb_dim=\dimen136
\l__fontspec_tmpc_dim=\dimen137
\g__file_internal_ior=\read1

(/usr/local/texlive/2017/texmf-dist/tex/latex/base/fontenc.sty
Package: fontenc 2017/04/05 v2.0i Standard LaTeX package

(/usr/local/texlive/2017/texmf-dist/tex/latex/base/tuenc.def
File: tuenc.def 2017/04/05 v2.0i Standard LaTeX file
LaTeX Font Info:    Redeclaring font encoding TU on input line 82.
))
.................................................
. LaTeX info: "xparse/define-command"
. 
. Defining command \fontspec with sig. 'O{}mO{}' on line 472.
.................................................
.................................................
. LaTeX info: "xparse/define-command"
. 
. Defining command \setmainfont with sig. 'O{}mO{}' on line 483.
.................................................
.................................................
. LaTeX info: "xparse/define-command"
. 
. Defining command \setsansfont with sig. 'O{}mO{}' on line 503.
.................................................
.................................................
. LaTeX info: "xparse/define-command"
. 
. Defining command \setmonofont with sig. 'O{}mO{}' on line 523.
.................................................
.................................................
. LaTeX info: "xparse/define-command"
. 
. Defining command \setromanfont with sig. 'O{}mO{}' on line 543.
.................................................
.................................................
. LaTeX info: "xparse/define-command"
. 
. Defining command \setmathrm with sig. 'O{}mO{}' on line 547.
.................................................
.................................................
. LaTeX info: "xparse/define-command"
. 
. Defining command \setboldmathrm with sig. 'O{}mO{}' on line 555.
.................................................
.................................................
. LaTeX info: "xparse/define-command"
. 
. Defining command \setmathsf with sig. 'O{}mO{}' on line 563.
.................................................
.................................................
. LaTeX info: "xparse/define-command"
. 
. Defining command \setmathtt with sig. 'O{}mO{}' on line 571.
.................................................
.................................................
. LaTeX info: "xparse/define-command"
. 
. Defining command \newfontfamily with sig. 'mO{}mO{}' on line 586.
.................................................
.................................................
. LaTeX info: "xparse/define-command"
. 
. Defining command \newfontface with sig. 'mO{}mO{}' on line 603.
.................................................
.................................................
. LaTeX info: "xparse/define-command"
. 
. Defining command \defaultfontfeatures with sig. 't+om' on line 614.
.................................................
.................................................
. LaTeX info: "xparse/define-command"
. 
. Defining command \addfontfeatures with sig. 'm' on line 645.
.................................................
.................................................
. LaTeX info: "xparse/define-command"
. 
. Defining command \newfontfeature with sig. 'mm' on line 672.
.................................................
.................................................
. LaTeX info: "xparse/define-command"
. 
. Defining command \newAATfeature with sig. 'mmmm' on line 686.
.................................................
.................................................
. LaTeX info: "xparse/define-command"
. 
. Defining command \newopentypefeature with sig. 'mmm' on line 700.
.................................................
.................................................
. LaTeX info: "xparse/define-command"
. 
. Defining command \newICUfeature with sig. 'mmm' on line 720.
.................................................
.................................................
. LaTeX info: "xparse/define-command"
. 
. Defining command \aliasfontfeature with sig. 'mm' on line 724.
.................................................
.................................................
. LaTeX info: "xparse/define-command"
. 
. Defining command \aliasfontfeatureoption with sig. 'mmm' on line 745.
.................................................
.................................................
. LaTeX info: "xparse/define-command"
. 
. Defining command \newfontscript with sig. 'mm' on line 778.
.................................................
.................................................
. LaTeX info: "xparse/define-command"
. 
. Defining command \newfontlanguage with sig. 'mm' on line 782.
.................................................
.................................................
. LaTeX info: "xparse/define-command"
. 
. Defining command \DeclareFontsExtensions with sig. 'm' on line 786.
.................................................
.................................................
. LaTeX info: "xparse/define-command"
. 
. Defining command \IfFontFeatureActiveTF with sig. 'mmm' on line 797.
.................................................
.................................................
. LaTeX info: "xparse/define-command"
. 
. Defining command \EncodingCommand with sig. 'mO{}m' on line 3438.
.................................................
.................................................
. LaTeX info: "xparse/define-command"
. 
. Defining command \EncodingAccent with sig. 'mm' on line 3444.
.................................................
.................................................
. LaTeX info: "xparse/define-command"
. 
. Defining command \EncodingSymbol with sig. 'mm' on line 3450.
.................................................
.................................................
. LaTeX info: "xparse/define-command"
. 
. Defining command \EncodingComposite with sig. 'mmm' on line 3456.
.................................................
.................................................
. LaTeX info: "xparse/define-command"
. 
. Defining command \EncodingCompositeCommand with sig. 'mmm' on line 3462.
.................................................
.................................................
. LaTeX info: "xparse/define-command"
. 
. Defining command \DeclareUnicodeEncoding with sig. 'mm' on line 3487.
.................................................
.................................................
. LaTeX info: "xparse/define-command"
. 
. Defining command \UndeclareSymbol with sig. 'm' on line 3493.
.................................................
.................................................
. LaTeX info: "xparse/define-command"
. 
. Defining command \UndeclareComposite with sig. 'mm' on line 3501.
.................................................

(/usr/local/texlive/2017/texmf-dist/tex/latex/fontspec/fontspec.cfg)
LaTeX Info: Redefining \itshape on input line 3686.
LaTeX Info: Redefining \slshape on input line 3691.
LaTeX Info: Redefining \scshape on input line 3696.
LaTeX Info: Redefining \upshape on input line 3701.
LaTeX Info: Redefining \em on input line 3731.
LaTeX Info: Redefining \emph on input line 3756.
LaTeX Info: Redefining \- on input line 3807.
.................................................
. LaTeX info: "xparse/redefine-command"
. 
. Redefining command \oldstylenums with sig. 'm' on line 3902.
.................................................
.................................................
. LaTeX info: "xparse/define-command"
. 
. Defining command \liningnums with sig. 'm' on line 3906.
.................................................
))
(/usr/local/texlive/2017/texmf-dist/tex/latex/amsmath/amsmath.sty
Package: amsmath 2016/11/05 v2.16a AMS math features
\@mathmargin=\skip49

For additional information on amsmath, use the `?' option.
(/usr/local/texlive/2017/texmf-dist/tex/latex/amsmath/amstext.sty
Package: amstext 2000/06/29 v2.01 AMS text

(/usr/local/texlive/2017/texmf-dist/tex/latex/amsmath/amsgen.sty
File: amsgen.sty 1999/11/30 v2.0 generic functions
\@emptytoks=\toks14
\ex@=\dimen138
))
(/usr/local/texlive/2017/texmf-dist/tex/latex/amsmath/amsbsy.sty
Package: amsbsy 1999/11/29 v1.2d Bold Symbols
\pmbraise@=\dimen139
)
(/usr/local/texlive/2017/texmf-dist/tex/latex/amsmath/amsopn.sty
Package: amsopn 2016/03/08 v2.02 operator names
)
\inf@bad=\count133
LaTeX Info: Redefining \frac on input line 213.
\uproot@=\count134
\leftroot@=\count135
LaTeX Info: Redefining \overline on input line 375.
\classnum@=\count136
\DOTSCASE@=\count137
LaTeX Info: Redefining \ldots on input line 472.
LaTeX Info: Redefining \dots on input line 475.
LaTeX Info: Redefining \cdots on input line 596.
\Mathstrutbox@=\box42
\strutbox@=\box43
\big@size=\dimen140
LaTeX Font Info:    Redeclaring font encoding OML on input line 712.
LaTeX Font Info:    Redeclaring font encoding OMS on input line 713.
\macc@depth=\count138
\c@MaxMatrixCols=\count139
\dotsspace@=\muskip16
\c@parentequation=\count140
\dspbrk@lvl=\count141
\tag@help=\toks15
\row@=\count142
\column@=\count143
\maxfields@=\count144
\andhelp@=\toks16
\eqnshift@=\dimen141
\alignsep@=\dimen142
\tagshift@=\dimen143
\tagwidth@=\dimen144
\totwidth@=\dimen145
\lineht@=\dimen146
\@envbody=\toks17
\multlinegap=\skip50
\multlinetaggap=\skip51
\mathdisplay@stack=\toks18
LaTeX Info: Redefining \[ on input line 2817.
LaTeX Info: Redefining \] on input line 2818.
)
(/usr/local/texlive/2017/texmf-dist/tex/latex/amsfonts/amssymb.sty
Package: amssymb 2013/01/14 v3.01 AMS font symbols

(/usr/local/texlive/2017/texmf-dist/tex/latex/amsfonts/amsfonts.sty
Package: amsfonts 2013/01/14 v3.01 Basic AMSFonts support
\symAMSa=\mathgroup4
\symAMSb=\mathgroup5
LaTeX Font Info:    Overwriting math alphabet `\mathfrak' in version `bold'
(Font)                  U/euf/m/n --> U/euf/b/n on input line 106.
))
(/usr/local/texlive/2017/texmf-dist/tex/latex/polyglossia/polyglossia.sty
Package: polyglossia 2015/03/25 v1.42.4 Alternative to Babel for XeLaTeX and Lu
aLaTeX

(/usr/local/texlive/2017/texmf-dist/tex/latex/etoolbox/etoolbox.sty
Package: etoolbox 2017/01/02 v2.4 e-TeX tools for LaTeX (JAW)
\etb@tempcnta=\count145
)
(/usr/local/texlive/2017/texmf-dist/tex/latex/makecmds/makecmds.sty
Package: makecmds 2009/09/03 v1.0a extra command making commands
)
(/usr/local/texlive/2017/texmf-dist/tex/latex/xkeyval/xkeyval.sty
Package: xkeyval 2014/12/03 v2.7a package option processing (HA)

(/usr/local/texlive/2017/texmf-dist/tex/generic/xkeyval/xkeyval.tex
(/usr/local/texlive/2017/texmf-dist/tex/generic/xkeyval/xkvutils.tex
\XKV@toks=\toks19
\XKV@tempa@toks=\toks20

(/usr/local/texlive/2017/texmf-dist/tex/generic/xkeyval/keyval.tex))
\XKV@depth=\count146
File: xkeyval.tex 2014/12/03 v2.7a key=value parser (HA)
))
(/usr/local/texlive/2017/texmf-dist/tex/generic/oberdiek/ifluatex.sty
Package: ifluatex 2016/05/16 v1.4 Provides the ifluatex switch (HO)
Package ifluatex Info: LuaTeX not detected.
)
(/usr/local/texlive/2017/texmf-dist/tex/generic/ifxetex/ifxetex.sty
Package: ifxetex 2010/09/12 v0.6 Provides ifxetex conditional
)
\xpg@normalclass=\XeTeXcharclass1
)
(/usr/local/texlive/2017/texmf-dist/tex/latex/polyglossia/gloss-english.ldf
File: gloss-english.ldf polyglossia: module for english
)
Package polyglossia Info: Default language is english.

(/usr/local/texlive/2017/texmf-dist/tex/latex/fncychap/fncychap.sty
Package: fncychap 2007/07/30 v1.34 LaTeX package (Revised chapters)
\RW=\skip52
\mylen=\skip53
\myhi=\skip54
\px=\skip55
\py=\skip56
\pyy=\skip57
\pxx=\skip58
\c@AlphaCnt=\count147
\c@AlphaDecCnt=\count148
)
(./sphinx.sty
Package: sphinx 2018/03/11 v1.7.2 LaTeX package (Sphinx markup)

(/usr/local/texlive/2017/texmf-dist/tex/generic/oberdiek/ltxcmds.sty
Package: ltxcmds 2016/05/16 v1.23 LaTeX kernel commands for general use (HO)
)
(/usr/local/texlive/2017/texmf-dist/tex/latex/graphics/graphicx.sty
Package: graphicx 2014/10/28 v1.0g Enhanced LaTeX Graphics (DPC,SPQR)

(/usr/local/texlive/2017/texmf-dist/tex/latex/graphics/graphics.sty
Package: graphics 2017/04/14 v1.1b Standard LaTeX Graphics (DPC,SPQR)

(/usr/local/texlive/2017/texmf-dist/tex/latex/graphics/trig.sty
Package: trig 2016/01/03 v1.10 sin cos tan (DPC)
)
(/usr/local/texlive/2017/texmf-dist/tex/latex/graphics-cfg/graphics.cfg
File: graphics.cfg 2016/06/04 v1.11 sample graphics configuration
)
Package graphics Info: Driver file: xetex.def on input line 99.

(/usr/local/texlive/2017/texmf-dist/tex/latex/graphics-def/xetex.def
File: xetex.def 2016/07/11 v4.10 LaTeX color/graphics driver for XeTeX (L3/RRM/
JK)
))
\Gin@req@height=\dimen147
\Gin@req@width=\dimen148
)
(/usr/local/texlive/2017/texmf-dist/tex/latex/fancyhdr/fancyhdr.sty
Package: fancyhdr 2016/09/06 3.8 Extensive control of page headers and footers
\fancy@headwidth=\skip59
\f@ncyO@elh=\skip60
\f@ncyO@erh=\skip61
\f@ncyO@olh=\skip62
\f@ncyO@orh=\skip63
\f@ncyO@elf=\skip64
\f@ncyO@erf=\skip65
\f@ncyO@olf=\skip66
\f@ncyO@orf=\skip67
)
(/usr/local/texlive/2017/texmf-dist/tex/latex/base/textcomp.sty
Package: textcomp 2017/04/05 v2.0i Standard LaTeX package
Package textcomp Info: Sub-encoding information:
(textcomp)               5 = only ISO-Adobe without \textcurrency
(textcomp)               4 = 5 + \texteuro
(textcomp)               3 = 4 + \textohm
(textcomp)               2 = 3 + \textestimated + \textcurrency
(textcomp)               1 = TS1 - \textcircled - \t
(textcomp)               0 = TS1 (full)
(textcomp)             Font families with sub-encoding setting implement
(textcomp)             only a restricted character set as indicated.
(textcomp)             Family '?' is the default used for unknown fonts.
(textcomp)             See the documentation for details.
Package textcomp Info: Setting ? sub-encoding to TS1/1 on input line 79.

(/usr/local/texlive/2017/texmf-dist/tex/latex/base/ts1enc.def
File: ts1enc.def 2001/06/05 v3.0e (jk/car/fm) Standard LaTeX file
)
LaTeX Info: Redefining \oldstylenums on input line 334.
Package textcomp Info: Setting cmr sub-encoding to TS1/0 on input line 349.
Package textcomp Info: Setting cmss sub-encoding to TS1/0 on input line 350.
Package textcomp Info: Setting cmtt sub-encoding to TS1/0 on input line 351.
Package textcomp Info: Setting cmvtt sub-encoding to TS1/0 on input line 352.
Package textcomp Info: Setting cmbr sub-encoding to TS1/0 on input line 353.
Package textcomp Info: Setting cmtl sub-encoding to TS1/0 on input line 354.
Package textcomp Info: Setting ccr sub-encoding to TS1/0 on input line 355.
Package textcomp Info: Setting ptm sub-encoding to TS1/4 on input line 356.
Package textcomp Info: Setting pcr sub-encoding to TS1/4 on input line 357.
Package textcomp Info: Setting phv sub-encoding to TS1/4 on input line 358.
Package textcomp Info: Setting ppl sub-encoding to TS1/3 on input line 359.
Package textcomp Info: Setting pag sub-encoding to TS1/4 on input line 360.
Package textcomp Info: Setting pbk sub-encoding to TS1/4 on input line 361.
Package textcomp Info: Setting pnc sub-encoding to TS1/4 on input line 362.
Package textcomp Info: Setting pzc sub-encoding to TS1/4 on input line 363.
Package textcomp Info: Setting bch sub-encoding to TS1/4 on input line 364.
Package textcomp Info: Setting put sub-encoding to TS1/5 on input line 365.
Package textcomp Info: Setting uag sub-encoding to TS1/5 on input line 366.
Package textcomp Info: Setting ugq sub-encoding to TS1/5 on input line 367.
Package textcomp Info: Setting ul8 sub-encoding to TS1/4 on input line 368.
Package textcomp Info: Setting ul9 sub-encoding to TS1/4 on input line 369.
Package textcomp Info: Setting augie sub-encoding to TS1/5 on input line 370.
Package textcomp Info: Setting dayrom sub-encoding to TS1/3 on input line 371.
Package textcomp Info: Setting dayroms sub-encoding to TS1/3 on input line 372.

Package textcomp Info: Setting pxr sub-encoding to TS1/0 on input line 373.
Package textcomp Info: Setting pxss sub-encoding to TS1/0 on input line 374.
Package textcomp Info: Setting pxtt sub-encoding to TS1/0 on input line 375.
Package textcomp Info: Setting txr sub-encoding to TS1/0 on input line 376.
Package textcomp Info: Setting txss sub-encoding to TS1/0 on input line 377.
Package textcomp Info: Setting txtt sub-encoding to TS1/0 on input line 378.
Package textcomp Info: Setting lmr sub-encoding to TS1/0 on input line 379.
Package textcomp Info: Setting lmdh sub-encoding to TS1/0 on input line 380.
Package textcomp Info: Setting lmss sub-encoding to TS1/0 on input line 381.
Package textcomp Info: Setting lmssq sub-encoding to TS1/0 on input line 382.
Package textcomp Info: Setting lmvtt sub-encoding to TS1/0 on input line 383.
Package textcomp Info: Setting lmtt sub-encoding to TS1/0 on input line 384.
Package textcomp Info: Setting qhv sub-encoding to TS1/0 on input line 385.
Package textcomp Info: Setting qag sub-encoding to TS1/0 on input line 386.
Package textcomp Info: Setting qbk sub-encoding to TS1/0 on input line 387.
Package textcomp Info: Setting qcr sub-encoding to TS1/0 on input line 388.
Package textcomp Info: Setting qcs sub-encoding to TS1/0 on input line 389.
Package textcomp Info: Setting qpl sub-encoding to TS1/0 on input line 390.
Package textcomp Info: Setting qtm sub-encoding to TS1/0 on input line 391.
Package textcomp Info: Setting qzc sub-encoding to TS1/0 on input line 392.
Package textcomp Info: Setting qhvc sub-encoding to TS1/0 on input line 393.
Package textcomp Info: Setting futs sub-encoding to TS1/4 on input line 394.
Package textcomp Info: Setting futx sub-encoding to TS1/4 on input line 395.
Package textcomp Info: Setting futj sub-encoding to TS1/4 on input line 396.
Package textcomp Info: Setting hlh sub-encoding to TS1/3 on input line 397.
Package textcomp Info: Setting hls sub-encoding to TS1/3 on input line 398.
Package textcomp Info: Setting hlst sub-encoding to TS1/3 on input line 399.
Package textcomp Info: Setting hlct sub-encoding to TS1/5 on input line 400.
Package textcomp Info: Setting hlx sub-encoding to TS1/5 on input line 401.
Package textcomp Info: Setting hlce sub-encoding to TS1/5 on input line 402.
Package textcomp Info: Setting hlcn sub-encoding to TS1/5 on input line 403.
Package textcomp Info: Setting hlcw sub-encoding to TS1/5 on input line 404.
Package textcomp Info: Setting hlcf sub-encoding to TS1/5 on input line 405.
Package textcomp Info: Setting pplx sub-encoding to TS1/3 on input line 406.
Package textcomp Info: Setting pplj sub-encoding to TS1/3 on input line 407.
Package textcomp Info: Setting ptmx sub-encoding to TS1/4 on input line 408.
Package textcomp Info: Setting ptmj sub-encoding to TS1/4 on input line 409.
)
(/usr/local/texlive/2017/texmf-dist/tex/latex/titlesec/titlesec.sty
Package: titlesec 2016/03/21 v2.10.2 Sectioning titles
\ttl@box=\box44
\beforetitleunit=\skip68
\aftertitleunit=\skip69
\ttl@plus=\dimen149
\ttl@minus=\dimen150
\ttl@toksa=\toks21
\titlewidth=\dimen151
\titlewidthlast=\dimen152
\titlewidthfirst=\dimen153
)
(/usr/local/texlive/2017/texmf-dist/tex/latex/tabulary/tabulary.sty
Package: tabulary 2014/06/11 v0.10 tabulary package (DPC)

(/usr/local/texlive/2017/texmf-dist/tex/latex/tools/array.sty
Package: array 2016/10/06 v2.4d Tabular extension package (FMi)
\col@sep=\dimen154
\extrarowheight=\dimen155
\NC@list=\toks22
\extratabsurround=\skip70
\backup@length=\skip71
)
\TY@count=\count149
\TY@linewidth=\dimen156
\tymin=\dimen157
\tymax=\dimen158
\TY@tablewidth=\dimen159
)
(/usr/local/texlive/2017/texmf-dist/tex/latex/tools/longtable.sty
Package: longtable 2014/10/28 v4.11 Multi-page Table package (DPC)
\LTleft=\skip72
\LTright=\skip73
\LTpre=\skip74
\LTpost=\skip75
\LTchunksize=\count150
\LTcapwidth=\dimen160
\LT@head=\box45
\LT@firsthead=\box46
\LT@foot=\box47
\LT@lastfoot=\box48
\LT@cols=\count151
\LT@rows=\count152
\c@LT@tables=\count153
\c@LT@chunks=\count154
\LT@p@ftn=\toks23
)
(/usr/local/texlive/2017/texmf-dist/tex/latex/varwidth/varwidth.sty
Package: varwidth 2009/03/30 ver 0.92;  Variable-width minipages
\@vwid@box=\box49
\sift@deathcycles=\count155
\@vwid@loff=\dimen161
\@vwid@roff=\dimen162
)
(./sphinxmulticell.sty
Package: sphinxmulticell 2017/02/23 v1.6 better span rows and columns of a tabl
e (Sphinx team)
\sphinx@TY@tablewidth=\dimen163
)
(/usr/local/texlive/2017/texmf-dist/tex/latex/base/makeidx.sty
Package: makeidx 2014/09/29 v1.0m Standard LaTeX package
)
(/usr/local/texlive/2017/texmf-dist/tex/latex/framed/framed.sty
Package: framed 2011/10/22 v 0.96: framed or shaded text with page breaks
\OuterFrameSep=\skip76
\fb@frw=\dimen164
\fb@frh=\dimen165
\FrameRule=\dimen166
\FrameSep=\dimen167
)
(/usr/local/texlive/2017/texmf-dist/tex/latex/xcolor/xcolor.sty
Package: xcolor 2016/05/11 v2.12 LaTeX color extensions (UK)

(/usr/local/texlive/2017/texmf-dist/tex/latex/graphics-cfg/color.cfg
File: color.cfg 2016/01/02 v1.6 sample color configuration
)
Package xcolor Info: Driver file: xetex.def on input line 225.
Package xcolor Info: Model `cmy' substituted by `cmy0' on input line 1348.
Package xcolor Info: Model `RGB' extended on input line 1364.
Package xcolor Info: Model `HTML' substituted by `rgb' on input line 1366.
Package xcolor Info: Model `Hsb' substituted by `hsb' on input line 1367.
Package xcolor Info: Model `tHsb' substituted by `hsb' on input line 1368.
Package xcolor Info: Model `HSB' substituted by `hsb' on input line 1369.
Package xcolor Info: Model `Gray' substituted by `gray' on input line 1370.
Package xcolor Info: Model `wave' substituted by `hsb' on input line 1371.
)
(/usr/local/texlive/2017/texmf-dist/tex/latex/fancyvrb/fancyvrb.sty
Package: fancyvrb 2008/02/07

Style option: `fancyvrb' v2.7a, with DG/SPQR fixes, and firstline=lastline fix 
<2008/02/07> (tvz)
\FV@CodeLineNo=\count156
\FV@InFile=\read2
\FV@TabBox=\box50
\c@FancyVerbLine=\count157
\FV@StepNumber=\count158
\FV@OutFile=\write3
) (./footnotehyper-sphinx.sty
Package: footnotehyper-sphinx 2017/10/27 v1.7 hyperref aware footnote.sty for s
phinx (JFB)
\FNH@notes=\box51
\FNH@width=\dimen168
)
(/usr/local/texlive/2017/texmf-dist/tex/latex/float/float.sty
Package: float 2001/11/08 v1.3d Float enhancements (AL)
\c@float@type=\count159
\float@exts=\toks24
\float@box=\box52
\@float@everytoks=\toks25
\@floatcapt=\box53
)
(/usr/local/texlive/2017/texmf-dist/tex/latex/wrapfig/wrapfig.sty
\wrapoverhang=\dimen169
\WF@size=\dimen170
\c@WF@wrappedlines=\count160
\WF@box=\box54
\WF@everypar=\toks26
Package: wrapfig 2003/01/31  v 3.6
)
(/usr/local/texlive/2017/texmf-dist/tex/latex/parskip/parskip.sty
Package: parskip 2001/04/09 non-zero parskip adjustments
)
(/usr/local/texlive/2017/texmf-dist/tex/latex/base/alltt.sty
Package: alltt 1997/06/16 v2.0g defines alltt environment
)
(/usr/local/texlive/2017/texmf-dist/tex/latex/upquote/upquote.sty
Package: upquote 2012/04/19 v1.3 upright-quote and grave-accent glyphs in verba
tim
)
(/usr/local/texlive/2017/texmf-dist/tex/latex/capt-of/capt-of.sty
Package: capt-of 2009/12/29 v0.2 standard captions outside of floats
)
(/usr/local/texlive/2017/texmf-dist/tex/latex/needspace/needspace.sty
Package: needspace 2010/09/12 v1.3d reserve vertical space
)
(/usr/local/texlive/2017/texmf-dist/tex/latex/carlisle/remreset.sty)
(./sphinxhighlight.sty
Package: sphinxhighlight 2016/05/29 stylesheet for highlighting with pygments
)
(/usr/local/texlive/2017/texmf-dist/tex/latex/oberdiek/kvoptions.sty
Package: kvoptions 2016/05/16 v3.12 Key value format for package options (HO)

(/usr/local/texlive/2017/texmf-dist/tex/generic/oberdiek/kvsetkeys.sty
Package: kvsetkeys 2016/05/16 v1.17 Key value parser (HO)

(/usr/local/texlive/2017/texmf-dist/tex/generic/oberdiek/infwarerr.sty
Package: infwarerr 2016/05/16 v1.4 Providing info/warning/error messages (HO)
)
(/usr/local/texlive/2017/texmf-dist/tex/generic/oberdiek/etexcmds.sty
Package: etexcmds 2016/05/16 v1.6 Avoid name clashes with e-TeX commands (HO)
Package etexcmds Info: Could not find \expanded.
(etexcmds)             That can mean that you are not using pdfTeX 1.50 or
(etexcmds)             that some package has redefined \expanded.
(etexcmds)             In the latter case, load this package earlier.
)))
\sphinxverbatimsep=\dimen171
\sphinxverbatimborder=\dimen172
\sphinxshadowsep=\dimen173
\sphinxshadowsize=\dimen174
\sphinxshadowrule=\dimen175
\spx@notice@border=\dimen176
\spx@image@box=\box55
\c@literalblock=\count161
\sphinxcontinuationbox=\box56
\sphinxvisiblespacebox=\box57
\sphinxVerbatim@TitleBox=\box58
\py@argswidth=\skip77
\lineblockindentation=\skip78
\DUlineblockindent=\skip79
)
(/usr/local/texlive/2017/texmf-dist/tex/latex/geometry/geometry.sty
Package: geometry 2010/09/12 v5.6 Page Geometry

(/usr/local/texlive/2017/texmf-dist/tex/generic/oberdiek/ifpdf.sty
Package: ifpdf 2017/03/15 v3.2 Provides the ifpdf switch
)
(/usr/local/texlive/2017/texmf-dist/tex/generic/oberdiek/ifvtex.sty
Package: ifvtex 2016/05/16 v1.6 Detect VTeX and its facilities (HO)
Package ifvtex Info: VTeX not detected.
)
\Gm@cnth=\count162
\Gm@cntv=\count163
\c@Gm@tempcnt=\count164
\Gm@bindingoffset=\dimen177
\Gm@wd@mp=\dimen178
\Gm@odd@mp=\dimen179
\Gm@even@mp=\dimen180
\Gm@layoutwidth=\dimen181
\Gm@layoutheight=\dimen182
\Gm@layouthoffset=\dimen183
\Gm@layoutvoffset=\dimen184
\Gm@dimlist=\toks27
)
(/usr/local/texlive/2017/texmf-dist/tex/latex/hyperref/hyperref.sty
Package: hyperref 2017/03/14 v6.85a Hypertext links for LaTeX

(/usr/local/texlive/2017/texmf-dist/tex/generic/oberdiek/hobsub-hyperref.sty
Package: hobsub-hyperref 2016/05/16 v1.14 Bundle oberdiek, subset hyperref (HO)


(/usr/local/texlive/2017/texmf-dist/tex/generic/oberdiek/hobsub-generic.sty
Package: hobsub-generic 2016/05/16 v1.14 Bundle oberdiek, subset generic (HO)
Package: hobsub 2016/05/16 v1.14 Construct package bundles (HO)
Package hobsub Info: Skipping package `infwarerr' (already loaded).
Package hobsub Info: Skipping package `ltxcmds' (already loaded).
Package hobsub Info: Skipping package `ifluatex' (already loaded).
Package hobsub Info: Skipping package `ifvtex' (already loaded).
Package: intcalc 2016/05/16 v1.2 Expandable calculations with integers (HO)
Package hobsub Info: Skipping package `ifpdf' (already loaded).
Package hobsub Info: Skipping package `etexcmds' (already loaded).
Package hobsub Info: Skipping package `kvsetkeys' (already loaded).
Package: kvdefinekeys 2016/05/16 v1.4 Define keys (HO)
Package: pdftexcmds 2017/03/19 v0.25 Utility functions of pdfTeX for LuaTeX (HO
)
Package pdftexcmds Info: LuaTeX not detected.
Package pdftexcmds Info: pdfTeX >= 1.30 not detected.
Package pdftexcmds Info: \pdf@primitive is available.
Package pdftexcmds Info: \pdf@ifprimitive is available.
Package pdftexcmds Info: \pdfdraftmode not found.
Package: pdfescape 2016/05/16 v1.14 Implements pdfTeX's escape features (HO)
Package: bigintcalc 2016/05/16 v1.4 Expandable calculations on big integers (HO
)
Package: bitset 2016/05/16 v1.2 Handle bit-vector datatype (HO)
Package: uniquecounter 2016/05/16 v1.3 Provide unlimited unique counter (HO)
)
Package hobsub Info: Skipping package `hobsub' (already loaded).
Package: letltxmacro 2016/05/16 v1.5 Let assignment for LaTeX macros (HO)
Package: hopatch 2016/05/16 v1.3 Wrapper for package hooks (HO)
Package: xcolor-patch 2016/05/16 xcolor patch
Package: atveryend 2016/05/16 v1.9 Hooks at the very end of document (HO)
Package: atbegshi 2016/06/09 v1.18 At begin shipout hook (HO)
Package: refcount 2016/05/16 v3.5 Data extraction from label references (HO)
Package: hycolor 2016/05/16 v1.8 Color options for hyperref/bookmark (HO)
)
(/usr/local/texlive/2017/texmf-dist/tex/latex/oberdiek/auxhook.sty
Package: auxhook 2016/05/16 v1.4 Hooks for auxiliary files (HO)
)
\@linkdim=\dimen185
\Hy@linkcounter=\count165
\Hy@pagecounter=\count166

(/usr/local/texlive/2017/texmf-dist/tex/latex/hyperref/pd1enc.def
File: pd1enc.def 2017/03/14 v6.85a Hyperref: PDFDocEncoding definition (HO)
)
\Hy@SavedSpaceFactor=\count167

(/usr/local/texlive/2017/texmf-dist/tex/latex/latexconfig/hyperref.cfg
File: hyperref.cfg 2002/06/06 v1.2 hyperref configuration of TeXLive
)
Package hyperref Info: Option `unicode' set `true' on input line 4374.

(/usr/local/texlive/2017/texmf-dist/tex/latex/hyperref/puenc.def
File: puenc.def 2017/03/14 v6.85a Hyperref: PDF Unicode definition (HO)
)
Package hyperref Info: Option `colorlinks' set `true' on input line 4374.
Package hyperref Info: Option `breaklinks' set `true' on input line 4374.
Package hyperref Info: Hyper figures OFF on input line 4498.
Package hyperref Info: Link nesting OFF on input line 4503.
Package hyperref Info: Hyper index ON on input line 4506.
Package hyperref Info: Plain pages OFF on input line 4513.
Package hyperref Info: Backreferencing OFF on input line 4518.
Package hyperref Info: Implicit mode ON; LaTeX internals redefined.
Package hyperref Info: Bookmarks ON on input line 4751.
\c@Hy@tempcnt=\count168

(/usr/local/texlive/2017/texmf-dist/tex/latex/url/url.sty
\Urlmuskip=\muskip17
Package: url 2013/09/16  ver 3.4  Verb mode for urls, etc.
)
LaTeX Info: Redefining \url on input line 5104.
\XeTeXLinkMargin=\dimen186
\Fld@menulength=\count169
\Field@Width=\dimen187
\Fld@charsize=\dimen188
Package hyperref Info: Hyper figures OFF on input line 6358.
Package hyperref Info: Link nesting OFF on input line 6363.
Package hyperref Info: Hyper index ON on input line 6366.
Package hyperref Info: backreferencing OFF on input line 6373.
Package hyperref Info: Link coloring ON on input line 6376.
Package hyperref Info: Link coloring with OCG OFF on input line 6383.
Package hyperref Info: PDF/A mode OFF on input line 6388.
LaTeX Info: Redefining \ref on input line 6428.
LaTeX Info: Redefining \pageref on input line 6432.
\Hy@abspage=\count170
\c@Item=\count171
\c@Hfootnote=\count172
)

Package hyperref Message: Driver (autodetected): hxetex.

(/usr/local/texlive/2017/texmf-dist/tex/latex/hyperref/hxetex.def
File: hxetex.def 2017/03/14 v6.85a Hyperref driver for XeTeX

(/usr/local/texlive/2017/texmf-dist/tex/generic/oberdiek/stringenc.sty
Package: stringenc 2016/05/16 v1.11 Convert strings between diff. encodings (HO
)
)
\pdfm@box=\box59
\c@Hy@AnnotLevel=\count173
\HyField@AnnotCount=\count174
\Fld@listcount=\count175
\c@bookmark@seq@number=\count176

(/usr/local/texlive/2017/texmf-dist/tex/latex/oberdiek/rerunfilecheck.sty
Package: rerunfilecheck 2016/05/16 v1.8 Rerun checks for auxiliary files (HO)
Package rerunfilecheck Info: Feature \pdfmdfivesum is not available
(rerunfilecheck)             (e.g. pdfTeX or LuaTeX with package `pdftexcmds').

(rerunfilecheck)             Therefore file contents cannot be checked efficien
tly
(rerunfilecheck)             and the loading of the package is aborted.
)
\Hy@SectionHShift=\skip80
)
(/usr/local/texlive/2017/texmf-dist/tex/latex/oberdiek/hypcap.sty
Package: hypcap 2016/05/16 v1.12 Adjusting the anchors of captions (HO)
)
(/usr/local/texlive/2017/texmf-dist/tex/latex/tocloft/tocloft.sty
Package: tocloft 2013/05/02 v2.3f parameterised ToC, etc., typesetting
Package tocloft Info: The document has chapter divisions on input line 44.
\cftparskip=\skip81
\cftbeforetoctitleskip=\skip82
\cftaftertoctitleskip=\skip83
\cftbeforepartskip=\skip84
\cftpartnumwidth=\skip85
\cftpartindent=\skip86
\cftbeforechapskip=\skip87
\cftchapindent=\skip88
\cftchapnumwidth=\skip89
\cftbeforesecskip=\skip90
\cftsecindent=\skip91
\cftsecnumwidth=\skip92
\cftbeforesubsecskip=\skip93
\cftsubsecindent=\skip94
\cftsubsecnumwidth=\skip95
\cftbeforesubsubsecskip=\skip96
\cftsubsubsecindent=\skip97
\cftsubsubsecnumwidth=\skip98
\cftbeforeparaskip=\skip99
\cftparaindent=\skip100
\cftparanumwidth=\skip101
\cftbeforesubparaskip=\skip102
\cftsubparaindent=\skip103
\cftsubparanumwidth=\skip104
\cftbeforeloftitleskip=\skip105
\cftafterloftitleskip=\skip106
\cftbeforefigskip=\skip107
\cftfigindent=\skip108
\cftfignumwidth=\skip109
\c@lofdepth=\count177
\c@lotdepth=\count178
\cftbeforelottitleskip=\skip110
\cftafterlottitleskip=\skip111
\cftbeforetabskip=\skip112
\cfttabindent=\skip113
\cfttabnumwidth=\skip114
)
\@indexfile=\write4
\openout4 = `SUEWS.idx'.


Writing index file SUEWS.idx
(./SUEWS.aux

LaTeX Warning: Label `input_files/RunControl/RunControl:runcontrol' multiply de
fined.

)
\openout1 = `SUEWS.aux'.

LaTeX Font Info:    Checking defaults for OML/cmm/m/it on input line 57.
LaTeX Font Info:    ... okay on input line 57.
LaTeX Font Info:    Checking defaults for T1/cmr/m/n on input line 57.
LaTeX Font Info:    ... okay on input line 57.
LaTeX Font Info:    Checking defaults for OT1/cmr/m/n on input line 57.
LaTeX Font Info:    ... okay on input line 57.
LaTeX Font Info:    Checking defaults for OMS/cmsy/m/n on input line 57.
LaTeX Font Info:    ... okay on input line 57.
LaTeX Font Info:    Checking defaults for TU/lmr/m/n on input line 57.
LaTeX Font Info:    ... okay on input line 57.
LaTeX Font Info:    Checking defaults for OMX/cmex/m/n on input line 57.
LaTeX Font Info:    ... okay on input line 57.
LaTeX Font Info:    Checking defaults for U/cmr/m/n on input line 57.
LaTeX Font Info:    ... okay on input line 57.
LaTeX Font Info:    Checking defaults for TS1/cmr/m/n on input line 57.
LaTeX Font Info:    Try loading font information for TS1+cmr on input line 57.
 (/usr/local/texlive/2017/texmf-dist/tex/latex/base/ts1cmr.fd
File: ts1cmr.fd 2014/09/29 v2.5h Standard LaTeX font definitions
)
LaTeX Font Info:    ... okay on input line 57.
LaTeX Font Info:    Checking defaults for PD1/pdf/m/n on input line 57.
LaTeX Font Info:    ... okay on input line 57.
LaTeX Font Info:    Checking defaults for PU/pdf/m/n on input line 57.
LaTeX Font Info:    ... okay on input line 57.
.................................................
. fontspec info: "setup-math"
. 
. Adjusting the maths setup (use [no-math] to avoid this).
.................................................
\symlegacymaths=\mathgroup6
LaTeX Font Info:    Overwriting symbol font `legacymaths' in version `bold'
(Font)                  OT1/cmr/m/n --> OT1/cmr/bx/n on input line 57.
LaTeX Font Info:    Redeclaring math accent \acute on input line 57.
LaTeX Font Info:    Redeclaring math accent \grave on input line 57.
LaTeX Font Info:    Redeclaring math accent \ddot on input line 57.
LaTeX Font Info:    Redeclaring math accent \tilde on input line 57.
LaTeX Font Info:    Redeclaring math accent \bar on input line 57.
LaTeX Font Info:    Redeclaring math accent \breve on input line 57.
LaTeX Font Info:    Redeclaring math accent \check on input line 57.
LaTeX Font Info:    Redeclaring math accent \hat on input line 57.
LaTeX Font Info:    Redeclaring math accent \dot on input line 57.
LaTeX Font Info:    Redeclaring math accent \mathring on input line 57.
LaTeX Font Info:    Redeclaring math symbol \Gamma on input line 57.
LaTeX Font Info:    Redeclaring math symbol \Delta on input line 57.
LaTeX Font Info:    Redeclaring math symbol \Theta on input line 57.
LaTeX Font Info:    Redeclaring math symbol \Lambda on input line 57.
LaTeX Font Info:    Redeclaring math symbol \Xi on input line 57.
LaTeX Font Info:    Redeclaring math symbol \Pi on input line 57.
LaTeX Font Info:    Redeclaring math symbol \Sigma on input line 57.
LaTeX Font Info:    Redeclaring math symbol \Upsilon on input line 57.
LaTeX Font Info:    Redeclaring math symbol \Phi on input line 57.
LaTeX Font Info:    Redeclaring math symbol \Psi on input line 57.
LaTeX Font Info:    Redeclaring math symbol \Omega on input line 57.
LaTeX Font Info:    Redeclaring math symbol \mathdollar on input line 57.
LaTeX Font Info:    Redeclaring symbol font `operators' on input line 57.
LaTeX Font Info:    Encoding `OT1' has changed to `TU' for symbol font
(Font)              `operators' in the math version `normal' on input line 57.
LaTeX Font Info:    Overwriting symbol font `operators' in version `normal'
(Font)                  OT1/cmr/m/n --> TU/lmr/m/n on input line 57.
LaTeX Font Info:    Encoding `OT1' has changed to `TU' for symbol font
(Font)              `operators' in the math version `bold' on input line 57.
LaTeX Font Info:    Overwriting symbol font `operators' in version `bold'
(Font)                  OT1/cmr/bx/n --> TU/lmr/m/n on input line 57.
LaTeX Font Info:    Overwriting symbol font `operators' in version `normal'
(Font)                  TU/lmr/m/n --> TU/lmr/m/n on input line 57.
LaTeX Font Info:    Overwriting math alphabet `\mathit' in version `normal'
(Font)                  OT1/cmr/m/it --> TU/lmr/m/it on input line 57.
LaTeX Font Info:    Overwriting math alphabet `\mathbf' in version `normal'
(Font)                  OT1/cmr/bx/n --> TU/lmr/bx/n on input line 57.
LaTeX Font Info:    Overwriting math alphabet `\mathsf' in version `normal'
(Font)                  OT1/cmss/m/n --> TU/lmss/m/n on input line 57.
LaTeX Font Info:    Overwriting math alphabet `\mathtt' in version `normal'
(Font)                  OT1/cmtt/m/n --> TU/lmtt/m/n on input line 57.
LaTeX Font Info:    Overwriting symbol font `operators' in version `bold'
(Font)                  TU/lmr/m/n --> TU/lmr/bx/n on input line 57.
LaTeX Font Info:    Overwriting math alphabet `\mathit' in version `bold'
(Font)                  OT1/cmr/bx/it --> TU/lmr/bx/it on input line 57.
LaTeX Font Info:    Overwriting math alphabet `\mathsf' in version `bold'
(Font)                  OT1/cmss/bx/n --> TU/lmss/bx/n on input line 57.
LaTeX Font Info:    Overwriting math alphabet `\mathtt' in version `bold'
(Font)                  OT1/cmtt/m/n --> TU/lmtt/bx/n on input line 57.

*geometry* driver: auto-detecting
*geometry* detected driver: xetex
*geometry* verbose mode - [ preamble ] result:
* driver: xetex
* paper: letterpaper
* layout: <same size as paper>
* layoutoffset:(h,v)=(0.0pt,0.0pt)
* modes: twoside 
* h-part:(L,W,R)=(72.26999pt, 469.75502pt, 72.26999pt)
* v-part:(T,H,B)=(72.26999pt, 650.43001pt, 72.26999pt)
* \paperwidth=614.295pt
* \paperheight=794.96999pt
* \textwidth=469.75502pt
* \textheight=650.43001pt
* \oddsidemargin=0.0pt
* \evensidemargin=0.0pt
* \topmargin=-37.0pt
* \headheight=12.0pt
* \headsep=25.0pt
* \topskip=10.0pt
* \footskip=30.0pt
* \marginparwidth=36.135pt
* \marginparsep=11.0pt
* \columnsep=10.0pt
* \skip\footins=9.0pt plus 4.0pt minus 2.0pt
* \hoffset=0.0pt
* \voffset=0.0pt
* \mag=1000
* \@twocolumnfalse
* \@twosidetrue
* \@mparswitchtrue
* \@reversemarginfalse
* (1in=72.27pt=25.4mm, 1cm=28.453pt)

\AtBeginShipoutBox=\box60
Package hyperref Info: Link coloring ON on input line 57.
(/usr/local/texlive/2017/texmf-dist/tex/latex/hyperref/nameref.sty
Package: nameref 2016/05/21 v2.44 Cross-referencing by name of section

(/usr/local/texlive/2017/texmf-dist/tex/generic/oberdiek/gettitlestring.sty
Package: gettitlestring 2016/05/16 v1.5 Cleanup title references (HO)
)
\c@section@level=\count179
)
LaTeX Info: Redefining \ref on input line 57.
LaTeX Info: Redefining \pageref on input line 57.
LaTeX Info: Redefining \nameref on input line 57.

(./SUEWS.out) (./SUEWS.out)
\@outlinefile=\write5
\openout5 = `SUEWS.out'.

Package hyperref Info: Option `pageanchor' set `false' on input line 60.
LaTeX Font Info:    Font shape `TU/lmss/bx/it' in size <10> not available
(Font)              Font shape `TU/lmss/bx/sl' tried instead on input line 60.
LaTeX Font Info:    Font shape `TU/lmss/bx/it' in size <17.28> not available
(Font)              Font shape `TU/lmss/bx/sl' tried instead on input line 60.
LaTeX Font Info:    Try loading font information for U+msa on input line 60.

(/usr/local/texlive/2017/texmf-dist/tex/latex/amsfonts/umsa.fd
File: umsa.fd 2013/01/14 v3.01 AMS symbols A
)
LaTeX Font Info:    Try loading font information for U+msb on input line 60.

(/usr/local/texlive/2017/texmf-dist/tex/latex/amsfonts/umsb.fd
File: umsb.fd 2013/01/14 v3.01 AMS symbols B
) [1

] [2

]
(./SUEWS.toc [1

])
\tf@toc=\write6
\openout6 = `SUEWS.toc'.

 [2]

LaTeX Warning: Hyper reference `index:index-page' on page 1 undefined on input 
line 67.


LaTeX Warning: Reference `index:index-page' on page 1 undefined on input line 6
7.

[1

] [2

]
Chapter 1.

Underfull \hbox (badness 10000) in paragraph at lines 113--117
[]\TU/lmr/m/n/10 Järvi L, S Grimmond, JP McFadden, A Christen, I Stra-
 []


Underfull \hbox (badness 5637) in paragraph at lines 128--131
\TU/lmr/m/n/10 thaus, L Järvi 2017: Sensitivity of Surface Urban Energy and Wat
er Bal-
 []

[3] [4]
Chapter 2.
File: SUEWS_Overview_s.png Graphic file (type QTm)
<use  "SUEWS_Overview_s.png" >
File: SUEWS_SurfaceWaterBalance_v2_xxs.jpg Graphic file (type QTm)
 <use  "SUEWS_SurfaceWaterBalance_v2_xxs.jpg" >
[5

] [6]
Chapter 3.

Underfull \hbox (badness 10000) in paragraph at lines 540--540
[]\TU/lmr/bx/n/10 Pre-
 []


Overfull \hbox (6.99449pt too wide) in paragraph at lines 540--540
\TU/lmr/bx/n/10 Processor 
 []


Overfull \hbox (6.99449pt too wide) detected at line 540
\TU/lmr/bx/n/10 Processor 
 []


Underfull \hbox (badness 10000) detected at line 540
[]\TU/lmr/bx/n/10 Pre-
 []


Overfull \hbox (11.1944pt too wide) in paragraph at lines 540--540
[]\TU/lmr/m/n/10 Meteorological
 []


Overfull \hbox (11.1944pt too wide) detected at line 540
[]\TU/lmr/m/n/10 Meteorological
 []


Underfull \hbox (badness 10000) in paragraph at lines 2--540
[][][]\TU/lmr/m/n/10 Prepare Existing
 []


Underfull \hbox (badness 10000) in paragraph at lines 2--540
[][][]\TU/lmr/m/n/10 Download data
 []


Underfull \hbox (badness 10000) in paragraph at lines 540--540
[]\TU/lmr/m/n/10 Spatial
 []


Overfull \hbox (6.99449pt too wide) in paragraph at lines 540--540
[]\TU/lmr/bx/n/10 Processor 
 []


Overfull \hbox (6.99449pt too wide) detected at line 540
[]\TU/lmr/bx/n/10 Processor 
 []


Underfull \hbox (badness 10000) in paragraph at lines 540--540
[]\TU/lmr/m/n/10 Urban
 []


Underfull \hbox (badness 10000) in paragraph at lines 540--540
\TU/lmr/m/n/10 Energy
 []


Underfull \hbox (badness 10000) detected at line 540
\TU/lmr/m/n/10 Energy
 []


Underfull \hbox (badness 10000) detected at line 540
[]\TU/lmr/m/n/10 Urban
 []


Underfull \hbox (badness 10000) in paragraph at lines 540--540
[]\TU/lmr/m/n/10 Anthropogenic
 []


Underfull \hbox (badness 10000) in paragraph at lines 540--540
\TU/lmr/m/n/10 Heat (Q:sub:\TU/lmtt/m/n/10 F\TU/lmr/m/n/10 )
 []


Underfull \hbox (badness 10000) in paragraph at lines 2--540
[][][]\TU/lmr/m/n/10 SUEWS (Ad-
 []


Underfull \hbox (badness 10000) in paragraph at lines 540--540
[]\TU/lmr/bx/n/10 Post-
 []


Overfull \hbox (2.2545pt too wide) in paragraph at lines 540--540
\TU/lmr/bx/n/10 Processo
 []


Underfull \hbox (badness 10000) in paragraph at lines 540--540
[]\TU/lmr/m/n/10 Urban
 []


Underfull \hbox (badness 10000) in paragraph at lines 540--540
\TU/lmr/m/n/10 Energy
 []

[7

] [8]
Chapter 4.

LaTeX Warning: Hyper reference `parameterisations-and-sub-models:RunControl.nml
' on page 9 undefined on input line 565.


LaTeX Warning: Reference `parameterisations-and-sub-models:RunControl.nml' on p
age 9 undefined on input line 565.


Package hyperref Warning: Token not allowed in a PDF string (Unicode):
(hyperref)                removing `math shift' on input line 577.


Package hyperref Warning: Token not allowed in a PDF string (Unicode):
(hyperref)                removing `subscript' on input line 577.


Package hyperref Warning: Token not allowed in a PDF string (Unicode):
(hyperref)                removing `math shift' on input line 577.


Package hyperref Warning: Token not allowed in a PDF string (Unicode):
(hyperref)                removing `math shift' on input line 614.


Package hyperref Warning: Token not allowed in a PDF string (Unicode):
(hyperref)                removing `\Delta' on input line 614.


Package hyperref Warning: Token not allowed in a PDF string (Unicode):
(hyperref)                removing `math shift' on input line 614.


Package hyperref Warning: Token not allowed in a PDF string (Unicode):
(hyperref)                removing `subscript' on input line 614.


Package hyperref Warning: Token not allowed in a PDF string (Unicode):
(hyperref)                removing `math shift' on input line 614.

[9

]

Package hyperref Warning: Token not allowed in a PDF string (Unicode):
(hyperref)                removing `math shift' on input line 645.


Package hyperref Warning: Token not allowed in a PDF string (Unicode):
(hyperref)                removing `subscript' on input line 645.


Package hyperref Warning: Token not allowed in a PDF string (Unicode):
(hyperref)                removing `math shift' on input line 645.


Package hyperref Warning: Token not allowed in a PDF string (Unicode):
(hyperref)                removing `math shift' on input line 645.


Package hyperref Warning: Token not allowed in a PDF string (Unicode):
(hyperref)                removing `subscript' on input line 645.


Package hyperref Warning: Token not allowed in a PDF string (Unicode):
(hyperref)                removing `math shift' on input line 645.


LaTeX Warning: Hyper reference `parameterisations-and-sub-models:Differences_be
tween_SUEWS,_LUMPS_and_FRAISE' on page 10 undefined on input line 669.


LaTeX Warning: Reference `parameterisations-and-sub-models:Differences_between_
SUEWS,_LUMPS_and_FRAISE' on page 10 undefined on input line 669.


LaTeX Warning: Hyper reference `parameterisations-and-sub-models:SUEWS_Snow.txt
' on page 10 undefined on input line 723.


LaTeX Warning: Reference `parameterisations-and-sub-models:SUEWS_Snow.txt' on p
age 10 undefined on input line 723.

[10]
File: Bluews_2.jpg Graphic file (type QTm)
 <use  "Bluews_2.jpg" > [11] [12

]
Chapter 5.
[13]
Underfull \hbox (badness 10000) in paragraph at lines 936--941
[]\TU/lmr/m/n/10 (+) There is a second file InitialConditionsSSss_YYYY_EndOfRun
.nml or InitialCondition-
 []


LaTeX Warning: Hyper reference `prepare-to-run-the-model:Troubleshooting' on pa
ge 14 undefined on input line 955.


LaTeX Warning: Reference `prepare-to-run-the-model:Troubleshooting' on page 14 
undefined on input line 955.

[14]

LaTeX Warning: Hyper reference `prepare-to-run-the-model:SUEWS_SiteSelect.txt' 
on page 15 undefined on input line 1038.


LaTeX Warning: Reference `prepare-to-run-the-model:SUEWS_SiteSelect.txt' on pag
e 15 undefined on input line 1038.


LaTeX Warning: Hyper reference `prepare-to-run-the-model:SUEWS_Soil.txt' on pag
e 15 undefined on input line 1043.


LaTeX Warning: Reference `prepare-to-run-the-model:SUEWS_Soil.txt' on page 15 u
ndefined on input line 1043.


LaTeX Warning: Hyper reference `prepare-to-run-the-model:SUEWS_Veg.txt' on page
 15 undefined on input line 1045.


LaTeX Warning: Reference `prepare-to-run-the-model:SUEWS_Veg.txt' on page 15 un
defined on input line 1045.


LaTeX Warning: Hyper reference `prepare-to-run-the-model:SUEWS_SiteSelect.txt' 
on page 15 undefined on input line 1049.


LaTeX Warning: Reference `prepare-to-run-the-model:SUEWS_SiteSelect.txt' on pag
e 15 undefined on input line 1049.


LaTeX Warning: Hyper reference `prepare-to-run-the-model:Input_files' on page 1
5 undefined on input line 1051.


LaTeX Warning: Reference `prepare-to-run-the-model:Input_files' on page 15 unde
fined on input line 1051.

[15]

LaTeX Warning: Hyper reference `prepare-to-run-the-model:Input_files' on page 1
6 undefined on input line 1170.


LaTeX Warning: Reference `prepare-to-run-the-model:Input_files' on page 16 unde
fined on input line 1170.


LaTeX Warning: Hyper reference `prepare-to-run-the-model:A_text_editor' on page
 16 undefined on input line 1184.


LaTeX Warning: Reference `prepare-to-run-the-model:A_text_editor' on page 16 un
defined on input line 1184.

[16]

LaTeX Warning: Hyper reference `prepare-to-run-the-model:Input_files' on page 1
7 undefined on input line 1235.


LaTeX Warning: Reference `prepare-to-run-the-model:Input_files' on page 17 unde
fined on input line 1235.


LaTeX Warning: Hyper reference `prepare-to-run-the-model:A_text_editor' on page
 17 undefined on input line 1251.


LaTeX Warning: Reference `prepare-to-run-the-model:A_text_editor' on page 17 un
defined on input line 1251.


LaTeX Warning: Hyper reference `prepare-to-run-the-model:Error_messages:_proble
ms.txt' on page 17 undefined on input line 1279.


LaTeX Warning: Reference `prepare-to-run-the-model:Error_messages:_problems.txt
' on page 17 undefined on input line 1279.


LaTeX Warning: Hyper reference `prepare-to-run-the-model:RunControl.nml' on pag
e 17 undefined on input line 1285.


LaTeX Warning: Reference `prepare-to-run-the-model:RunControl.nml' on page 17 u
ndefined on input line 1285.


LaTeX Warning: Hyper reference `prepare-to-run-the-model:SSss_YYYY_data_tt.txt'
 on page 17 undefined on input line 1289.


LaTeX Warning: Reference `prepare-to-run-the-model:SSss_YYYY_data_tt.txt' on pa
ge 17 undefined on input line 1289.

[17]

LaTeX Warning: Hyper reference `prepare-to-run-the-model:InitialConditions' on 
page 18 undefined on input line 1303.


LaTeX Warning: Reference `prepare-to-run-the-model:InitialConditions' on page 1
8 undefined on input line 1303.


LaTeX Warning: Hyper reference `prepare-to-run-the-model:Troubleshooting' on pa
ge 18 undefined on input line 1312.


LaTeX Warning: Reference `prepare-to-run-the-model:Troubleshooting' on page 18 
undefined on input line 1312.


Overfull \hbox (176.53265pt too wide) in paragraph at lines 1334--1334
[]
 []


Underfull \hbox (badness 10000) in paragraph at lines 1334--1334

 []


Overfull \hbox (16.70601pt too wide) in paragraph at lines 1345--1345
[]
 []


Underfull \hbox (badness 10000) in paragraph at lines 1345--1345

 []

[18] [19] [20

]
Chapter 6.

Overfull \vbox (2.32843pt too high) detected at line 1453
 []

[21] [22]
LaTeX Font Info:    Font shape `TU/lmtt/bx/n' in size <10> not available
(Font)              Font shape `TU/lmtt/b/n' tried instead on input line 1623.
 [23]
Underfull \hbox (badness 10000) in paragraph at lines 1855--1861
[]|\TU/lmr/m/n/10 Uses values provided in the meteorological forcing file
 []


Underfull \hbox (badness 10000) in paragraph at lines 1864--1868
[]|\TU/lmr/m/n/10 Currently not recommended! Calculated according to
 []

[24] [25] [26] [27] [28] [29] [30] [31] [32]
Underfull \hbox (badness 10000) in paragraph at lines 3161--3161
[]\TU/lmss/m/n/10 Col-
 []


Underfull \hbox (badness 10000) in paragraph at lines 3161--3161
\TU/lmss/m/n/10 umn
 []


Overfull \hbox (10.40868pt too wide) in paragraph at lines 3161--3161
[]\TU/lmtt/m/n/10 BaseTHDD| 
 []


Overfull \hbox (31.40868pt too wide) in paragraph at lines 3161--3161
[]\TU/lmtt/m/n/10 QF_A_Weekday| 
 []


Underfull \hbox (badness 10000) in paragraph at lines 3161--3161
[][][]\TU/lmtt/m/it/10 MU[][]
 []


Overfull \hbox (31.40868pt too wide) in paragraph at lines 3161--3161
[]\TU/lmtt/m/n/10 QF_B_Weekday| 
 []


Underfull \hbox (badness 10000) in paragraph at lines 3161--3161
[][][]\TU/lmtt/m/it/10 MU[][]
 []


Overfull \hbox (31.40868pt too wide) in paragraph at lines 3161--3161
[]\TU/lmtt/m/n/10 QF_C_Weekday| 
 []


Underfull \hbox (badness 10000) in paragraph at lines 3161--3161
[][][]\TU/lmtt/m/it/10 MU[][]
 []


Overfull \hbox (31.40868pt too wide) in paragraph at lines 3161--3161
[]\TU/lmtt/m/n/10 QF_A_Weekend| 
 []


Underfull \hbox (badness 10000) in paragraph at lines 3161--3161
[][][]\TU/lmtt/m/it/10 MU[][]
 []


Overfull \hbox (31.40868pt too wide) in paragraph at lines 3161--3161
[]\TU/lmtt/m/n/10 QF_B_Weekend| 
 []


Underfull \hbox (badness 10000) in paragraph at lines 3161--3161
[][][]\TU/lmtt/m/it/10 MU[][]
 []


Overfull \hbox (31.40868pt too wide) in paragraph at lines 3161--3161
[]\TU/lmtt/m/n/10 QF_C_Weekend| 
 []


Underfull \hbox (badness 10000) in paragraph at lines 3161--3161
[][][]\TU/lmtt/m/it/10 MU[][]
 []


Underfull \hbox (badness 10000) in paragraph at lines 3161--3161
[][][]\TU/lmtt/m/it/10 MU[][]
 []


Overfull \hbox (5.15868pt too wide) in paragraph at lines 3161--3161
[]\TU/lmtt/m/n/10 AHSlope| 
 []


Underfull \hbox (badness 10000) in paragraph at lines 3161--3161
[][][]\TU/lmtt/m/it/10 MU[][]
 []


Overfull \hbox (5.15868pt too wide) in paragraph at lines 3161--3161
[]\TU/lmtt/m/n/10 TCritic| 
 []


Underfull \hbox (badness 10000) in paragraph at lines 3161--3161
[][][]\TU/lmtt/m/it/10 MU[][]
 []

[33]
Underfull \hbox (badness 10000) in paragraph at lines 3310--3310
[]\TU/lmss/m/n/10 Col-
 []


Underfull \hbox (badness 10000) in paragraph at lines 3310--3310
\TU/lmss/m/n/10 umn
 []


Overfull \hbox (5.02924pt too wide) in paragraph at lines 3310--3310
[]\TU/lmtt/m/n/10 gsModel| 
 []

[34]

LaTeX Warning: Hyper reference `input_files/SUEWS_SiteInfo/SUEWS_Irrigation:SUE
WS_Profiles.txt' on page 35 undefined on input line 3322.


LaTeX Warning: Reference `input_files/SUEWS_SiteInfo/SUEWS_Irrigation:SUEWS_Pro
files.txt' on page 35 undefined on input line 3322.


LaTeX Warning: Hyper reference `input_files/SUEWS_SiteInfo/SUEWS_Irrigation:Run
Control.nml' on page 35 undefined on input line 3326.


LaTeX Warning: Reference `input_files/SUEWS_SiteInfo/SUEWS_Irrigation:RunContro
l.nml' on page 35 undefined on input line 3326.


Underfull \hbox (badness 10000) in paragraph at lines 3569--3569
[]\TU/lmss/m/n/10 Column
 []


Overfull \hbox (7.38538pt too wide) in paragraph at lines 3569--3569
[]\TU/lmtt/m/n/10 Ie_start| 
 []


Overfull \hbox (49.38538pt too wide) in paragraph at lines 3569--3569
[]\TU/lmtt/m/n/10 InternalWaterUse| 
 []


Overfull \hbox (12.63538pt too wide) in paragraph at lines 3569--3569
[]\TU/lmtt/m/n/10 DayWat(1)| 
 []


Overfull \hbox (12.63538pt too wide) in paragraph at lines 3569--3569
[]\TU/lmtt/m/n/10 DayWat(2)| 
 []


Overfull \hbox (12.63538pt too wide) in paragraph at lines 3569--3569
[]\TU/lmtt/m/n/10 DayWat(3)| 
 []


Overfull \hbox (12.63538pt too wide) in paragraph at lines 3569--3569
[]\TU/lmtt/m/n/10 DayWat(4)| 
 []


Overfull \hbox (12.63538pt too wide) in paragraph at lines 3569--3569
[]\TU/lmtt/m/n/10 DayWat(5)| 
 []


Overfull \hbox (12.63538pt too wide) in paragraph at lines 3569--3569
[]\TU/lmtt/m/n/10 DayWat(6)| 
 []


Overfull \hbox (12.63538pt too wide) in paragraph at lines 3569--3569
[]\TU/lmtt/m/n/10 DayWat(7)| 
 []


Overfull \hbox (28.38538pt too wide) in paragraph at lines 3569--3569
[]\TU/lmtt/m/n/10 DayWatPer(1)| 
 []


Overfull \hbox (28.38538pt too wide) in paragraph at lines 3569--3569
[]\TU/lmtt/m/n/10 DayWatPer(2)| 
 []


Overfull \hbox (28.38538pt too wide) in paragraph at lines 3569--3569
[]\TU/lmtt/m/n/10 DayWatPer(3)| 
 []


Overfull \hbox (28.38538pt too wide) in paragraph at lines 3569--3569
[]\TU/lmtt/m/n/10 DayWatPer(4)| 
 []


Overfull \hbox (28.38538pt too wide) in paragraph at lines 3569--3569
[]\TU/lmtt/m/n/10 DayWatPer(5)| 
 []


Overfull \hbox (28.38538pt too wide) in paragraph at lines 3569--3569
[]\TU/lmtt/m/n/10 DayWatPer(6)| 
 []


Overfull \hbox (28.38538pt too wide) in paragraph at lines 3569--3569
[]\TU/lmtt/m/n/10 DayWatPer(7)| 
 []

[35]
Overfull \hbox (0.72154pt too wide) in paragraph at lines 3815--3815
[]\TU/lmss/m/n/10 Col-
 []


Overfull \hbox (1.89154pt too wide) in paragraph at lines 3815--3815
\TU/lmss/m/n/10 umn
 []


Overfull \hbox (7.88155pt too wide) in paragraph at lines 3815--3815
\TU/lmss/m/n/10 Name| 
 []


Overfull \hbox (4.61154pt too wide) in paragraph at lines 3815--3815
[]\TU/lmtt/m/n/10 Code| 
 []


Overfull \hbox (30.86154pt too wide) in paragraph at lines 3815--3815
[]\TU/lmtt/m/n/10 AlbedoMin| 
 []


Overfull \hbox (30.86154pt too wide) in paragraph at lines 3815--3815
[]\TU/lmtt/m/n/10 AlbedoMax| 
 []


Overfull \hbox (36.11154pt too wide) in paragraph at lines 3815--3815
[]\TU/lmtt/m/n/10 Emissivity| 
 []


Overfull \hbox (36.11154pt too wide) in paragraph at lines 3815--3815
[]\TU/lmtt/m/n/10 StorageMin| 
 []


Overfull \hbox (36.11154pt too wide) in paragraph at lines 3815--3815
[]\TU/lmtt/m/n/10 StorageMax| 
 []


Overfull \hbox (46.61154pt too wide) in paragraph at lines 3815--3815
[]\TU/lmtt/m/n/10 WetThreshold| 
 []


Overfull \hbox (36.11154pt too wide) in paragraph at lines 3815--3815
[]\TU/lmtt/m/n/10 StateLimit| 
 []


Overfull \hbox (36.23154pt too wide) in paragraph at lines 3815--3815
[]\TU/lmtt/m/n/10 DrainageEq| 
 []


Overfull \hbox (51.86154pt too wide) in paragraph at lines 3815--3815
[]\TU/lmtt/m/n/10 DrainageCoef1| 
 []


Overfull \hbox (51.86154pt too wide) in paragraph at lines 3815--3815
[]\TU/lmtt/m/n/10 DrainageCoef2| 
 []


Overfull \hbox (46.61154pt too wide) in paragraph at lines 3815--3815
[]\TU/lmtt/m/n/10 SoilTypeCode| 
 []


Overfull \hbox (46.61154pt too wide) in paragraph at lines 3815--3815
[]\TU/lmtt/m/n/10 SnowLimPatch| 
 []


Overfull \hbox (51.86154pt too wide) in paragraph at lines 3815--3815
[]\TU/lmtt/m/n/10 SnowLimRemove| 
 []


Overfull \hbox (72.86154pt too wide) in paragraph at lines 3815--3815
[]\TU/lmtt/m/n/10 OHMCode_SummerWet| 
 []


Overfull \hbox (72.86154pt too wide) in paragraph at lines 3815--3815
[]\TU/lmtt/m/n/10 OHMCode_SummerDry| 
 []


Overfull \hbox (72.86154pt too wide) in paragraph at lines 3815--3815
[]\TU/lmtt/m/n/10 OHMCode_WinterWet| 
 []


Overfull \hbox (72.86154pt too wide) in paragraph at lines 3815--3815
[]\TU/lmtt/m/n/10 OHMCode_WinterDry| 
 []


Overfull \hbox (46.61154pt too wide) in paragraph at lines 3815--3815
[]\TU/lmtt/m/n/10 OHMThresh_SW| 
 []


Overfull \hbox (46.61154pt too wide) in paragraph at lines 3815--3815
[]\TU/lmtt/m/n/10 OHMThresh_WD| 
 []


Overfull \hbox (25.61154pt too wide) in paragraph at lines 3815--3815
[]\TU/lmtt/m/n/10 ESTMCode| 
 []


Overfull \hbox (25.61154pt too wide) in paragraph at lines 3815--3815
[]\TU/lmtt/m/n/10 AnOHM_Cp| 
 []


Overfull \hbox (25.61154pt too wide) in paragraph at lines 3815--3815
[]\TU/lmtt/m/n/10 AnOHM_Kk| 
 []


Overfull \hbox (25.61154pt too wide) in paragraph at lines 3815--3815
[]\TU/lmtt/m/n/10 AnOHM_Ch| 
 []

[36]
Overfull \vbox (192.56984pt too high) has occurred while \output is active []


[37]

LaTeX Warning: Hyper reference `input_files/SUEWS_SiteInfo/SUEWS_OHMCoefficient
s:SUEWS_NonVeg.txt' on page 38 undefined on input line 3862.


LaTeX Warning: Reference `input_files/SUEWS_SiteInfo/SUEWS_OHMCoefficients:SUEW
S_NonVeg.txt' on page 38 undefined on input line 3862.


LaTeX Warning: Hyper reference `input_files/SUEWS_SiteInfo/SUEWS_OHMCoefficient
s:SUEWS_Veg.txt' on page 38 undefined on input line 3863.


LaTeX Warning: Reference `input_files/SUEWS_SiteInfo/SUEWS_OHMCoefficients:SUEW
S_Veg.txt' on page 38 undefined on input line 3863.


LaTeX Warning: Hyper reference `input_files/SUEWS_SiteInfo/SUEWS_OHMCoefficient
s:SUEWS_Water.txt' on page 38 undefined on input line 3864.


LaTeX Warning: Reference `input_files/SUEWS_SiteInfo/SUEWS_OHMCoefficients:SUEW
S_Water.txt' on page 38 undefined on input line 3864.


LaTeX Warning: Hyper reference `input_files/SUEWS_SiteInfo/SUEWS_OHMCoefficient
s:SUEWS_Snow.txt' on page 38 undefined on input line 3865.


LaTeX Warning: Reference `input_files/SUEWS_SiteInfo/SUEWS_OHMCoefficients:SUEW
S_Snow.txt' on page 38 undefined on input line 3865.


Overfull \hbox (0.86864pt too wide) in paragraph at lines 3921--3921
[]\TU/lmss/m/n/10 Col-
 []


Overfull \hbox (2.03864pt too wide) in paragraph at lines 3921--3921
\TU/lmss/m/n/10 umn
 []


Overfull \hbox (8.02864pt too wide) in paragraph at lines 3921--3921
\TU/lmss/m/n/10 Name| 
 []


Overfull \hbox (4.75864pt too wide) in paragraph at lines 3921--3921
[]\TU/lmtt/m/n/10 Code| 
 []

[38]
Overfull \hbox (6.0pt too wide) in paragraph at lines 3990--3990
[]\TU/lmtt/m/n/10 Code| 
 []


Underfull \hbox (badness 10000) in paragraph at lines 3990--3990
[]\TU/lmr/m/n/10 2-
 []


Overfull \hbox (3.79224pt too wide) in paragraph at lines 4009--4011
[]|\TU/lmss/m/n/10 No.| 
 []


Overfull \hbox (4.08223pt too wide) in paragraph at lines 4013--4015
[]|\TU/lmss/m/n/10 Use| 
 []


Overfull \hbox (3.79224pt too wide) in paragraph at lines 4024--4026
[]|\TU/lmss/m/n/10 No.| 
 []


Overfull \hbox (4.08223pt too wide) in paragraph at lines 4028--4030
[]|\TU/lmss/m/n/10 Use| 
 []


Overfull \hbox (0.85223pt too wide) in paragraph at lines 4046--4047
[]|[][]\TU/lmtt/m/it/10 MU[][]| 
 []


Overfull \hbox (0.85223pt too wide) in paragraph at lines 4055--4056
[]|[][]\TU/lmtt/m/it/10 MU[][]| 
 []


Overfull \hbox (0.85223pt too wide) in paragraph at lines 4064--4065
[]|[][]\TU/lmtt/m/it/10 MU[][]| 
 []


Overfull \hbox (0.85223pt too wide) in paragraph at lines 4073--4074
[]|[][]\TU/lmtt/m/it/10 MU[][]| 
 []


Overfull \hbox (0.85223pt too wide) in paragraph at lines 4082--4083
[]|[][]\TU/lmtt/m/it/10 MU[][]| 
 []


Overfull \hbox (0.85223pt too wide) in paragraph at lines 4091--4092
[]|[][]\TU/lmtt/m/it/10 MU[][]| 
 []


Overfull \hbox (0.85223pt too wide) in paragraph at lines 4100--4101
[]|[][]\TU/lmtt/m/it/10 MU[][]| 
 []


Overfull \hbox (0.85223pt too wide) in paragraph at lines 4109--4110
[]|[][]\TU/lmtt/m/it/10 MU[][]| 
 []


Overfull \hbox (0.85223pt too wide) in paragraph at lines 4118--4119
[]|[][]\TU/lmtt/m/it/10 MU[][]| 
 []


Overfull \hbox (0.85223pt too wide) in paragraph at lines 4127--4128
[]|[][]\TU/lmtt/m/it/10 MU[][]| 
 []


Overfull \hbox (0.85223pt too wide) in paragraph at lines 4163--4164
[]|[][]\TU/lmtt/m/it/10 MU[][]| 
 []


Overfull \hbox (0.85223pt too wide) in paragraph at lines 4172--4173
[]|[][]\TU/lmtt/m/it/10 MU[][]| 
 []


Overfull \hbox (0.85223pt too wide) in paragraph at lines 4181--4182
[]|[][]\TU/lmtt/m/it/10 MU[][]| 
 []


Overfull \hbox (0.85223pt too wide) in paragraph at lines 4190--4191
[]|[][]\TU/lmtt/m/it/10 MU[][]| 
 []


Overfull \hbox (0.85223pt too wide) in paragraph at lines 4199--4200
[]|[][]\TU/lmtt/m/it/10 MU[][]| 
 []


Overfull \hbox (0.85223pt too wide) in paragraph at lines 4208--4209
[]|[][]\TU/lmtt/m/it/10 MU[][]| 
 []


Overfull \hbox (0.85223pt too wide) in paragraph at lines 4217--4218
[]|[][]\TU/lmtt/m/it/10 MU[][]| 
 []


Overfull \hbox (0.85223pt too wide) in paragraph at lines 4226--4227
[]|[][]\TU/lmtt/m/it/10 MU[][]| 
 []


Overfull \hbox (0.85223pt too wide) in paragraph at lines 4235--4236
[]|[][]\TU/lmtt/m/it/10 MU[][]| 
 []


Overfull \hbox (0.85223pt too wide) in paragraph at lines 4244--4245
[]|[][]\TU/lmtt/m/it/10 MU[][]| 
 []


Overfull \hbox (0.85223pt too wide) in paragraph at lines 4253--4254
[]|[][]\TU/lmtt/m/it/10 MU[][]| 
 []


Overfull \hbox (0.85223pt too wide) in paragraph at lines 4262--4263
[]|[][]\TU/lmtt/m/it/10 MU[][]| 
 []


Overfull \hbox (0.85223pt too wide) in paragraph at lines 4271--4272
[]|[][]\TU/lmtt/m/it/10 MU[][]| 
 []

[39] [40]
Underfull \hbox (badness 10000) in paragraph at lines 4595--4596
[]|[][]\TU/lmtt/m/it/10 MD[][]
 []


Overfull \hbox (0.85223pt too wide) in paragraph at lines 4595--4596
[][]\TU/lmtt/m/it/10 MU[][]| 
 []


Underfull \hbox (badness 10000) in paragraph at lines 4604--4605
[]|[][]\TU/lmtt/m/it/10 MD[][]
 []


Overfull \hbox (0.85223pt too wide) in paragraph at lines 4604--4605
[][]\TU/lmtt/m/it/10 MU[][]| 
 []


Underfull \hbox (badness 10000) in paragraph at lines 4613--4614
[]|[][]\TU/lmtt/m/it/10 MD[][]
 []


Overfull \hbox (0.85223pt too wide) in paragraph at lines 4613--4614
[][]\TU/lmtt/m/it/10 MU[][]| 
 []


Underfull \hbox (badness 10000) in paragraph at lines 4622--4623
[]|[][]\TU/lmtt/m/it/10 MD[][]
 []


Overfull \hbox (0.85223pt too wide) in paragraph at lines 4622--4623
[][]\TU/lmtt/m/it/10 MU[][]| 
 []


Underfull \hbox (badness 10000) in paragraph at lines 4631--4632
[]|[][]\TU/lmtt/m/it/10 MD[][]
 []


Overfull \hbox (0.85223pt too wide) in paragraph at lines 4631--4632
[][]\TU/lmtt/m/it/10 MU[][]| 
 []


Underfull \hbox (badness 10000) in paragraph at lines 4640--4641
[]|[][]\TU/lmtt/m/it/10 MD[][]
 []


Overfull \hbox (0.85223pt too wide) in paragraph at lines 4640--4641
[][]\TU/lmtt/m/it/10 MU[][]| 
 []


Underfull \hbox (badness 10000) in paragraph at lines 4649--4650
[]|[][]\TU/lmtt/m/it/10 MD[][]
 []


Overfull \hbox (0.85223pt too wide) in paragraph at lines 4649--4650
[][]\TU/lmtt/m/it/10 MU[][]| 
 []


Underfull \hbox (badness 10000) in paragraph at lines 4658--4659
[]|[][]\TU/lmtt/m/it/10 MD[][]
 []


Overfull \hbox (0.85223pt too wide) in paragraph at lines 4658--4659
[][]\TU/lmtt/m/it/10 MU[][]| 
 []


Underfull \hbox (badness 10000) in paragraph at lines 4667--4668
[]|[][]\TU/lmtt/m/it/10 MD[][]
 []


Overfull \hbox (0.85223pt too wide) in paragraph at lines 4667--4668
[][]\TU/lmtt/m/it/10 MU[][]| 
 []


Underfull \hbox (badness 10000) in paragraph at lines 4676--4677
[]|[][]\TU/lmtt/m/it/10 MD[][]
 []


Overfull \hbox (0.85223pt too wide) in paragraph at lines 4676--4677
[][]\TU/lmtt/m/it/10 MU[][]| 
 []


Underfull \hbox (badness 10000) in paragraph at lines 4685--4686
[]|[][]\TU/lmtt/m/it/10 MD[][]
 []


Overfull \hbox (0.85223pt too wide) in paragraph at lines 4685--4686
[][]\TU/lmtt/m/it/10 MU[][]| 
 []


Underfull \hbox (badness 10000) in paragraph at lines 4694--4695
[]|[][]\TU/lmtt/m/it/10 MD[][]
 []


Overfull \hbox (0.85223pt too wide) in paragraph at lines 4694--4695
[][]\TU/lmtt/m/it/10 MU[][]| 
 []


Underfull \hbox (badness 10000) in paragraph at lines 4703--4704
[]|[][]\TU/lmtt/m/it/10 MD[][]
 []


Overfull \hbox (0.85223pt too wide) in paragraph at lines 4703--4704
[][]\TU/lmtt/m/it/10 MU[][]| 
 []


Underfull \hbox (badness 10000) in paragraph at lines 4712--4713
[]|[][]\TU/lmtt/m/it/10 MD[][]
 []


Overfull \hbox (0.85223pt too wide) in paragraph at lines 4712--4713
[][]\TU/lmtt/m/it/10 MU[][]| 
 []


Underfull \hbox (badness 10000) in paragraph at lines 4721--4722
[]|[][]\TU/lmtt/m/it/10 MD[][]
 []


Overfull \hbox (0.85223pt too wide) in paragraph at lines 4721--4722
[][]\TU/lmtt/m/it/10 MU[][]| 
 []


Underfull \hbox (badness 10000) in paragraph at lines 4730--4731
[]|[][]\TU/lmtt/m/it/10 MD[][]
 []


Overfull \hbox (0.85223pt too wide) in paragraph at lines 4730--4731
[][]\TU/lmtt/m/it/10 MU[][]| 
 []


Underfull \hbox (badness 10000) in paragraph at lines 4739--4740
[]|[][]\TU/lmtt/m/it/10 MD[][]
 []


Overfull \hbox (0.85223pt too wide) in paragraph at lines 4739--4740
[][]\TU/lmtt/m/it/10 MU[][]| 
 []


Underfull \hbox (badness 10000) in paragraph at lines 4748--4749
[]|[][]\TU/lmtt/m/it/10 MD[][]
 []


Overfull \hbox (0.85223pt too wide) in paragraph at lines 4748--4749
[][]\TU/lmtt/m/it/10 MU[][]| 
 []


Underfull \hbox (badness 10000) in paragraph at lines 4759--4761
[]|\TU/lmr/m/n/10 Code that links to the fraction of water that flows
 []


Underfull \hbox (badness 10000) in paragraph at lines 4759--4761
\TU/lmr/m/n/10 from Paved surfaces to surfaces in columns 2-10 of
 []


Underfull \hbox (badness 7064) in paragraph at lines 4759--4761
\TU/lmr/m/n/10 SUEWS_WithinGridWaterDist.txt . Value of integer is
 []

[41] [42]
Underfull \hbox (badness 10000) in paragraph at lines 4768--4770
[]|\TU/lmr/m/n/10 Code that links to the fraction of water that flows
 []


Underfull \hbox (badness 10000) in paragraph at lines 4768--4770
\TU/lmr/m/n/10 from Bldgs surfaces to surfaces in columns 2-10 of
 []


Underfull \hbox (badness 6141) in paragraph at lines 4768--4770
\TU/lmr/m/n/10 bitrary but must match code specified in column 1 of
 []


Underfull \hbox (badness 10000) in paragraph at lines 4777--4779
[]|\TU/lmr/m/n/10 Code that links to the fraction of water that flows
 []


Underfull \hbox (badness 10000) in paragraph at lines 4777--4779
\TU/lmr/m/n/10 from EveTr surfaces to surfaces in columns 2-10 of
 []


Underfull \hbox (badness 6141) in paragraph at lines 4777--4779
\TU/lmr/m/n/10 bitrary but must match code specified in column 1 of
 []


Underfull \hbox (badness 10000) in paragraph at lines 4786--4788
[]|\TU/lmr/m/n/10 Code that links to the fraction of water that flows
 []


Underfull \hbox (badness 10000) in paragraph at lines 4786--4788
\TU/lmr/m/n/10 from DecTr surfaces to surfaces in columns 2-10 of
 []


Underfull \hbox (badness 6141) in paragraph at lines 4786--4788
\TU/lmr/m/n/10 bitrary but must match code specified in column 1 of
 []


Underfull \hbox (badness 10000) in paragraph at lines 4795--4797
[]|\TU/lmr/m/n/10 Code that links to the fraction of water that flows
 []


Underfull \hbox (badness 10000) in paragraph at lines 4795--4797
\TU/lmr/m/n/10 from Grass surfaces to surfaces in columns 2-10 of
 []


Underfull \hbox (badness 6141) in paragraph at lines 4795--4797
\TU/lmr/m/n/10 bitrary but must match code specified in column 1 of
 []


Underfull \hbox (badness 10000) in paragraph at lines 4804--4806
[]|\TU/lmr/m/n/10 Code that links to the fraction of water that flows
 []


Underfull \hbox (badness 10000) in paragraph at lines 4804--4806
\TU/lmr/m/n/10 from BSoil surfaces to surfaces in columns 2-10 of
 []


Underfull \hbox (badness 6141) in paragraph at lines 4804--4806
\TU/lmr/m/n/10 bitrary but must match code specified in column 1 of
 []


Underfull \hbox (badness 10000) in paragraph at lines 4813--4815
[]|\TU/lmr/m/n/10 Code that links to the fraction of water that flows
 []


Underfull \hbox (badness 10000) in paragraph at lines 4813--4815
\TU/lmr/m/n/10 from Water surfaces to surfaces in columns 2-10 of
 []


Underfull \hbox (badness 6141) in paragraph at lines 4813--4815
\TU/lmr/m/n/10 bitrary but must match code specified in column 1 of
 []


Overfull \hbox (0.85223pt too wide) in paragraph at lines 4820--4821
[]|[][]\TU/lmtt/m/it/10 MU[][]| 
 []


Overfull \hbox (0.85223pt too wide) in paragraph at lines 4829--4830
[]|[][]\TU/lmtt/m/it/10 MU[][]| 
 []


Overfull \hbox (0.85223pt too wide) in paragraph at lines 4838--4839
[]|[][]\TU/lmtt/m/it/10 MU[][]| 
 []


Overfull \hbox (0.85223pt too wide) in paragraph at lines 4847--4848
[]|[][]\TU/lmtt/m/it/10 MU[][]| 
 []


Overfull \hbox (5.31123pt too wide) in paragraph at lines 4854--4855
[]|\TU/lmtt/m/n/10 Code_ESTMClass_Paved1| 
 []


Overfull \hbox (5.31123pt too wide) in paragraph at lines 4863--4864
[]|\TU/lmtt/m/n/10 Code_ESTMClass_Paved2| 
 []


Overfull \hbox (5.31123pt too wide) in paragraph at lines 4872--4873
[]|\TU/lmtt/m/n/10 Code_ESTMClass_Paved3| 
 []


Overfull \hbox (0.85223pt too wide) in paragraph at lines 4883--4884
[]|[][]\TU/lmtt/m/it/10 MU[][]| 
 []


Overfull \hbox (0.85223pt too wide) in paragraph at lines 4892--4893
[]|[][]\TU/lmtt/m/it/10 MU[][]| 
 []


Overfull \hbox (0.85223pt too wide) in paragraph at lines 4901--4902
[]|[][]\TU/lmtt/m/it/10 MU[][]| 
 []


Overfull \hbox (0.85223pt too wide) in paragraph at lines 4910--4911
[]|[][]\TU/lmtt/m/it/10 MU[][]| 
 []


Overfull \hbox (0.85223pt too wide) in paragraph at lines 4919--4920
[]|[][]\TU/lmtt/m/it/10 MU[][]| 
 []


Overfull \hbox (5.31123pt too wide) in paragraph at lines 4926--4927
[]|\TU/lmtt/m/n/10 Code_ESTMClass_Bldgs1| 
 []


Overfull \hbox (3.93224pt too wide) in paragraph at lines 4933--4934
[]|\TU/lmr/m/n/10 100| 
 []


Overfull \hbox (5.31123pt too wide) in paragraph at lines 4935--4936
[]|\TU/lmtt/m/n/10 Code_ESTMClass_Bldgs2| 
 []

[43]
Overfull \hbox (3.93224pt too wide) in paragraph at lines 4942--4943
[]|\TU/lmr/m/n/10 101| 
 []


Overfull \hbox (5.31123pt too wide) in paragraph at lines 4944--4945
[]|\TU/lmtt/m/n/10 Code_ESTMClass_Bldgs3| 
 []


Overfull \hbox (3.93224pt too wide) in paragraph at lines 4951--4952
[]|\TU/lmr/m/n/10 102| 
 []


Overfull \hbox (5.31123pt too wide) in paragraph at lines 4953--4954
[]|\TU/lmtt/m/n/10 Code_ESTMClass_Bldgs4| 
 []


Overfull \hbox (3.93224pt too wide) in paragraph at lines 4960--4961
[]|\TU/lmr/m/n/10 103| 
 []


Overfull \hbox (5.31123pt too wide) in paragraph at lines 4962--4963
[]|\TU/lmtt/m/n/10 Code_ESTMClass_Bldgs5| 
 []

[44] [45]
File: GridConnections_1.jpg Graphic file (type QTm)
 <use  "GridConnections_1.jpg" >
File: GridConnections_2_v2.jpg Graphic file (type QTm)
 <use  "GridConnections_2_v2.jpg" >
[46]
Overfull \hbox (3.79224pt too wide) in paragraph at lines 5099--5100
[]|\TU/lmss/m/n/10 No.| 
 []


Overfull \hbox (4.08223pt too wide) in paragraph at lines 5103--5104
[]|\TU/lmss/m/n/10 Use| 
 []


Overfull \hbox (0.85223pt too wide) in paragraph at lines 5121--5122
[]|[][]\TU/lmtt/m/it/10 MU[][]| 
 []


Overfull \hbox (0.85223pt too wide) in paragraph at lines 5130--5131
[]|[][]\TU/lmtt/m/it/10 MU[][]| 
 []


Overfull \hbox (0.85223pt too wide) in paragraph at lines 5139--5140
[]|[][]\TU/lmtt/m/it/10 MU[][]| 
 []


Overfull \hbox (0.85223pt too wide) in paragraph at lines 5148--5149
[]|[][]\TU/lmtt/m/it/10 MU[][]| 
 []


Overfull \hbox (0.85223pt too wide) in paragraph at lines 5157--5158
[]|[][]\TU/lmtt/m/it/10 MU[][]| 
 []


Overfull \hbox (0.85223pt too wide) in paragraph at lines 5310--5311
[]|[][]\TU/lmtt/m/it/10 MU[][]| 
 []


Overfull \hbox (0.85223pt too wide) in paragraph at lines 5319--5320
[]|[][]\TU/lmtt/m/it/10 MU[][]| 
 []


Overfull \hbox (0.85223pt too wide) in paragraph at lines 5328--5329
[]|[][]\TU/lmtt/m/it/10 MU[][]| 
 []

[47]
Overfull \vbox (72.96983pt too high) has occurred while \output is active []


[48]
Underfull \hbox (badness 10000) in paragraph at lines 5453--5453
[]\TU/lmss/m/n/10 Col-
 []


Underfull \hbox (badness 10000) in paragraph at lines 5453--5453
\TU/lmss/m/n/10 umn
 []


Overfull \hbox (19.87848pt too wide) in paragraph at lines 5453--5453
[]\TU/lmtt/m/n/10 SoilDepth| 
 []


Overfull \hbox (35.62848pt too wide) in paragraph at lines 5453--5453
[]\TU/lmtt/m/n/10 SoilStoreCap| 
 []


Overfull \hbox (56.62848pt too wide) in paragraph at lines 5453--5453
[]\TU/lmtt/m/n/10 SatHydraulicCond| 
 []


Overfull \hbox (30.37848pt too wide) in paragraph at lines 5453--5453
[]\TU/lmtt/m/n/10 SoilDensity| 
 []


Overfull \hbox (56.62848pt too wide) in paragraph at lines 5453--5453
[]\TU/lmtt/m/n/10 InfiltrationRate| 
 []


Overfull \hbox (30.37848pt too wide) in paragraph at lines 5453--5453
[]\TU/lmtt/m/n/10 OBS_SMDepth| 
 []


Overfull \hbox (19.87848pt too wide) in paragraph at lines 5453--5453
[]\TU/lmtt/m/n/10 OBS_SMCap| 
 []


Overfull \hbox (56.62848pt too wide) in paragraph at lines 5453--5453
[]\TU/lmtt/m/n/10 OBS_SoilNotRocks| 
 []


LaTeX Warning: Hyper reference `input_files/SUEWS_SiteInfo/SUEWS_Veg:SUEWS_Site
Select.txt' on page 49 undefined on input line 5463.


LaTeX Warning: Reference `input_files/SUEWS_SiteInfo/SUEWS_Veg:SUEWS_SiteSelect
.txt' on page 49 undefined on input line 5463.


Overfull \hbox (3.79224pt too wide) in paragraph at lines 5472--5474
[]|\TU/lmss/m/n/10 No.| 
 []


Overfull \hbox (4.08223pt too wide) in paragraph at lines 5476--5478
[]|\TU/lmss/m/n/10 Use| 
 []


Overfull \hbox (3.79224pt too wide) in paragraph at lines 5487--5489
[]|\TU/lmss/m/n/10 No.| 
 []


Overfull \hbox (4.08223pt too wide) in paragraph at lines 5491--5493
[]|\TU/lmss/m/n/10 Use| 
 []


Overfull \hbox (0.85223pt too wide) in paragraph at lines 5518--5519
[]|[][]\TU/lmtt/m/it/10 MU[][]| 
 []


Overfull \hbox (0.85223pt too wide) in paragraph at lines 5527--5528
[]|[][]\TU/lmtt/m/it/10 MU[][]| 
 []


Overfull \hbox (0.85223pt too wide) in paragraph at lines 5536--5537
[]|[][]\TU/lmtt/m/it/10 MU[][]| 
 []


Overfull \hbox (0.85223pt too wide) in paragraph at lines 5626--5627
[]|[][]\TU/lmtt/m/it/10 MU[][]| 
 []


Overfull \hbox (0.85223pt too wide) in paragraph at lines 5635--5636
[]|[][]\TU/lmtt/m/it/10 MU[][]| 
 []


Overfull \hbox (0.85223pt too wide) in paragraph at lines 5644--5645
[]|[][]\TU/lmtt/m/it/10 MU[][]| 
 []


Overfull \hbox (0.85223pt too wide) in paragraph at lines 5653--5654
[]|[][]\TU/lmtt/m/it/10 MU[][]| 
 []


Underfull \hbox (badness 6141) in paragraph at lines 5808--5810
\TU/lmr/m/n/10 bitrary but must match code specified in column 1 of
 []


Overfull \hbox (0.85223pt too wide) in paragraph at lines 5815--5816
[]|[][]\TU/lmtt/m/it/10 MU[][]| 
 []


Overfull \hbox (0.85223pt too wide) in paragraph at lines 5824--5825
[]|[][]\TU/lmtt/m/it/10 MU[][]| 
 []


Overfull \hbox (0.85223pt too wide) in paragraph at lines 5833--5834
[]|[][]\TU/lmtt/m/it/10 MU[][]| 
 []

[49] [50] [51]
Overfull \hbox (0.63574pt too wide) in paragraph at lines 6060--6060
[]\TU/lmss/m/n/10 Col-
 []


Overfull \hbox (1.80574pt too wide) in paragraph at lines 6060--6060
\TU/lmss/m/n/10 umn
 []


Overfull \hbox (7.79575pt too wide) in paragraph at lines 6060--6060
\TU/lmss/m/n/10 Name| 
 []


Overfull \hbox (4.52574pt too wide) in paragraph at lines 6060--6060
[]\TU/lmtt/m/n/10 Code| 
 []


Overfull \hbox (30.77574pt too wide) in paragraph at lines 6060--6060
[]\TU/lmtt/m/n/10 AlbedoMin| 
 []


Overfull \hbox (30.77574pt too wide) in paragraph at lines 6060--6060
[]\TU/lmtt/m/n/10 AlbedoMax| 
 []


Overfull \hbox (36.02574pt too wide) in paragraph at lines 6060--6060
[]\TU/lmtt/m/n/10 Emissivity| 
 []


Overfull \hbox (36.02574pt too wide) in paragraph at lines 6060--6060
[]\TU/lmtt/m/n/10 StorageMin| 
 []


Overfull \hbox (36.02574pt too wide) in paragraph at lines 6060--6060
[]\TU/lmtt/m/n/10 StorageMax| 
 []


Overfull \hbox (46.52574pt too wide) in paragraph at lines 6060--6060
[]\TU/lmtt/m/n/10 WetThreshold| 
 []


Overfull \hbox (36.02574pt too wide) in paragraph at lines 6060--6060
[]\TU/lmtt/m/n/10 StateLimit| 
 []


Overfull \hbox (36.02574pt too wide) in paragraph at lines 6060--6060
[]\TU/lmtt/m/n/10 WaterDepth| 
 []


Overfull \hbox (36.14574pt too wide) in paragraph at lines 6060--6060
[]\TU/lmtt/m/n/10 DrainageEq| 
 []


Overfull \hbox (51.77574pt too wide) in paragraph at lines 6060--6060
[]\TU/lmtt/m/n/10 DrainageCoef1| 
 []


Overfull \hbox (51.77574pt too wide) in paragraph at lines 6060--6060
[]\TU/lmtt/m/n/10 DrainageCoef2| 
 []


Overfull \hbox (72.77574pt too wide) in paragraph at lines 6060--6060
[]\TU/lmtt/m/n/10 OHMCode_SummerWet| 
 []


Overfull \hbox (72.77574pt too wide) in paragraph at lines 6060--6060
[]\TU/lmtt/m/n/10 OHMCode_SummerDry| 
 []


Overfull \hbox (72.77574pt too wide) in paragraph at lines 6060--6060
[]\TU/lmtt/m/n/10 OHMCode_WinterWet| 
 []


Overfull \hbox (72.77574pt too wide) in paragraph at lines 6060--6060
[]\TU/lmtt/m/n/10 OHMCode_WinterDry| 
 []


Overfull \hbox (46.52574pt too wide) in paragraph at lines 6060--6060
[]\TU/lmtt/m/n/10 OHMThresh_SW| 
 []


Overfull \hbox (46.52574pt too wide) in paragraph at lines 6060--6060
[]\TU/lmtt/m/n/10 OHMThresh_WD| 
 []


Overfull \hbox (25.52574pt too wide) in paragraph at lines 6060--6060
[]\TU/lmtt/m/n/10 ESTMCode| 
 []


Underfull \hbox (badness 10000) in paragraph at lines 6060--6060
[]\TU/lmr/m/n/10 Code for ESTM coefficients to use for this surface. Links to
 []


Overfull \hbox (25.52574pt too wide) in paragraph at lines 6060--6060
[]\TU/lmtt/m/n/10 AnOHM_Cp| 
 []


Overfull \hbox (25.52574pt too wide) in paragraph at lines 6060--6060
[]\TU/lmtt/m/n/10 AnOHM_Kk| 
 []


Overfull \hbox (25.52574pt too wide) in paragraph at lines 6060--6060
[]\TU/lmtt/m/n/10 AnOHM_Ch| 
 []

[52]
Overfull \vbox (47.76985pt too high) has occurred while \output is active []


[53]

LaTeX Warning: Hyper reference `input_files/SUEWS_SiteInfo/SUEWS_SiteInfo:Data_
Entry' on page 54 undefined on input line 6222.


LaTeX Warning: Reference `input_files/SUEWS_SiteInfo/SUEWS_SiteInfo:Data_Entry'
 on page 54 undefined on input line 6222.


Overfull \hbox (1.67pt too wide) in paragraph at lines 6289--6289
[]\TU/lmr/m/n/10 MU| 
 []


Overfull \hbox (1.81pt too wide) in paragraph at lines 6289--6289
[]\TU/lmr/m/n/10 MD| 
 []

[54] [55] [56] [57] [58] [59] [60] [61] [62] [63]

LaTeX Warning: Hyper reference `input_files/met_input:RunControl.nml' on page 6
4 undefined on input line 7507.


LaTeX Warning: Reference `input_files/met_input:RunControl.nml' on page 64 unde
fined on input line 7507.


LaTeX Warning: Hyper reference `input_files/met_input:RunControl.nml' on page 6
4 undefined on input line 7512.


LaTeX Warning: Reference `input_files/met_input:RunControl.nml' on page 64 unde
fined on input line 7512.


LaTeX Warning: Hyper reference `input_files/met_input:SUEWS_SiteSelect.txt' on 
page 64 undefined on input line 7529.


LaTeX Warning: Reference `input_files/met_input:SUEWS_SiteSelect.txt' on page 6
4 undefined on input line 7529.

[64]
Underfull \hbox (badness 10000) in paragraph at lines 7887--7887
[]\TU/lmss/m/n/10 Column
 []

[65]
Underfull \hbox (badness 5475) in paragraph at lines 7969--7971
[]|\TU/lmr/m/n/10 vertical gradient of potential
 []


Overfull \hbox (6.15062pt too wide) in paragraph at lines 8029--8030
[]|\TU/lmss/m/n/10 gamq_gkgm| 
 []

Missing character: There is no ︙ in font [lmroman10-regular]:mapping=tex-text;!
Missing character: There is no ︙ in font [lmroman10-regular]:mapping=tex-text;!
Missing character: There is no ︙ in font [lmroman10-regular]:mapping=tex-text;!
Missing character: There is no ︙ in font [lmroman10-regular]:mapping=tex-text;!
Missing character: There is no ︙ in font [lmroman10-regular]:mapping=tex-text;!
Missing character: There is no ︙ in font [lmroman10-regular]:mapping=tex-text;!
Missing character: There is no ︙ in font [lmroman10-regular]:mapping=tex-text;!
Missing character: There is no ︙ in font [lmroman10-regular]:mapping=tex-text;!
Missing character: There is no ︙ in font [lmroman10-regular]:mapping=tex-text;!
Missing character: There is no ︙ in font [lmroman10-regular]:mapping=tex-text;!
Missing character: There is no ︙ in font [lmroman10-regular]:mapping=tex-text;!
Missing character: There is no ︙ in font [lmroman10-regular]:mapping=tex-text;!
Missing character: There is no ︙ in font [lmroman10-regular]:mapping=tex-text;!
Missing character: There is no ︙ in font [lmroman10-regular]:mapping=tex-text;!
Missing character: There is no ︙ in font [lmroman10-regular]:mapping=tex-text;!
Missing character: There is no ︙ in font [lmroman10-regular]:mapping=tex-text;!
[66] [67]
Underfull \hbox (badness 10000) in paragraph at lines 8314--8316
[]|\TU/lmr/m/n/10 Take all initial values from input data file (see
 []

Missing character: There is no ≥ in font [lmroman10-regular]:mapping=tex-text;!
[68] [69] [70] [71]
Underfull \hbox (badness 10000) in paragraph at lines 9021--9024
[]|\TU/lmr/m/n/10 Vegetation scheme is active
 []


Underfull \hbox (badness 10000) in paragraph at lines 9072--9079
[]|\TU/lmr/m/n/10 Tranmissivity of K through
 []


Underfull \hbox (badness 10000) in paragraph at lines 9085--9092
[]|\TU/lmr/m/n/10 Tranmissivity of K through
 []

[72]
Underfull \hbox (badness 10000) in paragraph at lines 9312--9315
[]|\TU/lmr/m/n/10 Use SOLWEIG to estimate
 []

[73] [74]
Chapter 7.

LaTeX Warning: Hyper reference `output_files/output_files:Troubleshooting' on p
age 75 undefined on input line 9380.


LaTeX Warning: Reference `output_files/output_files:Troubleshooting' on page 75
 undefined on input line 9380.


LaTeX Warning: Hyper reference `output_files/output_files:Preparing_to_run_the_
model' on page 75 undefined on input line 9383.


LaTeX Warning: Reference `output_files/output_files:Preparing_to_run_the_model'
 on page 75 undefined on input line 9383.


LaTeX Warning: Hyper reference `output_files/output_files:RunControl.nml' on pa
ge 75 undefined on input line 9402.


LaTeX Warning: Reference `output_files/output_files:RunControl.nml' on page 75 
undefined on input line 9402.


LaTeX Warning: Hyper reference `output_files/output_files:RunControl' on page 7
5 undefined on input line 9426.


LaTeX Warning: Reference `output_files/output_files:RunControl' on page 75 unde
fined on input line 9426.

[75

]
Overfull \hbox (122.54501pt too wide) in alignment at lines 9436--9448
 [] [] [] [] 
 []


Overfull \hbox (122.54501pt too wide) in alignment at lines 9448--9463
 [] [] [] [] 
 []


Overfull \hbox (122.54501pt too wide) in alignment at lines 9463--9467
 [] [] [] [] 
 []


Overfull \hbox (122.54501pt too wide) in alignment at lines 9467--9469
 [] [] [] [] 
 []


Overfull \hbox (122.54501pt too wide) in alignment at lines 9469--9650
 [] [] [] [] 
 []


Overfull \hbox (122.54501pt too wide) in alignment at lines 9650--9830
 [] [] [] [] 
 []


Overfull \hbox (122.54501pt too wide) in alignment at lines 9830--10010
 [] [] [] [] 
 []

[76]
Overfull \hbox (122.54501pt too wide) in alignment at lines 10010--10190
 [] [] [] [] 
 []


Overfull \hbox (122.54501pt too wide) in alignment at lines 10190--10227
 [] [] [] [] 
 []


LaTeX Warning: Hyper reference `output_files/output_files:RunControl' on page 7
7 undefined on input line 10232.


LaTeX Warning: Reference `output_files/output_files:RunControl' on page 77 unde
fined on input line 10232.

[77] [78] [79] [80] [81] [82] [83] [84]
Chapter 8.
[85

] [86]
Chapter 9.
[87

] [88

]
Chapter 10.
File: Bluews_1.jpg Graphic file (type QTm)
<use  "Bluews_1.jpg" > [89] [90]
Chapter 11.
[91

] [92

]
Chapter 12.
[93] [94] [95] [96] [97] [98]
Chapter 13.

Underfull \hbox (badness 10000) in paragraph at lines 13086--13086
[]\TU/lmr/m/n/10 Anthropogenic
 []


Underfull \hbox (badness 10000) in paragraph at lines 13086--13086
[]\TU/lmr/m/n/10 DeBruin and Holtslag
 []


Underfull \hbox (badness 10000) in paragraph at lines 13086--13086
[]\TU/lmr/m/n/10 DeBruin and Holtslag
 []


Underfull \hbox (badness 10000) in paragraph at lines 13086--13086
[]\TU/lmr/m/n/10 buildings, paved, coniferous and deciduous
 []


Underfull \hbox (badness 10000) in paragraph at lines 13171--13171
[]\TU/lmr/bx/n/10 Software
 []


Underfull \hbox (badness 10000) in paragraph at lines 13171--13171
[]\TU/lmr/m/n/10 Applicable
 []


Underfull \hbox (badness 10000) in paragraph at lines 13171--13171
[]\TU/lmr/m/n/10 Unique fea-
 []

[99

] [100] [101



] [102] (./SUEWS.ind [103] [104

] [105

] [106] [107] [108])
Package atveryend Info: Empty hook `BeforeClearDocument' on input line 13404.
Package atveryend Info: Empty hook `AfterLastShipout' on input line 13404.

(./SUEWS.aux)
Package atveryend Info: Empty hook `AtVeryEndDocument' on input line 13404.
Package atveryend Info: Empty hook `AtEndAfterFileList' on input line 13404.


LaTeX Warning: There were undefined references.


LaTeX Warning: There were multiply-defined labels.

 ) 
Here is how much of TeX's memory you used:
 22574 strings out of 493005
 420036 string characters out of 6134596
 574226 words of memory out of 5000000
 26264 multiletter control sequences out of 15000+600000
 10575 words of font info for 71 fonts, out of 8000000 for 9000
 1349 hyphenation exceptions out of 8191
 36i,13n,67p,10381b,541s stack positions out of 5000i,500n,10000p,200000b,80000s

Output written on SUEWS.pdf (112 pages).
